[0.083s] DEBUG:colcon:Command line arguments: ['/usr/bin/colcon', 'build']
[0.083s] DEBUG:colcon:Parsed command line arguments: Namespace(log_base=None, log_level=None, verb_name='build', build_base='build', install_base='install', merge_install=False, symlink_install=False, test_result_base=None, continue_on_error=False, executor='parallel', parallel_workers=32, event_handlers=None, ignore_user_meta=False, metas=['./colcon.meta'], base_paths=['.'], packages_ignore=None, packages_ignore_regex=None, paths=None, packages_up_to=None, packages_up_to_regex=None, packages_above=None, packages_above_and_dependencies=None, packages_above_depth=None, packages_select_by_dep=None, packages_skip_by_dep=None, packages_skip_up_to=None, packages_select_build_failed=False, packages_skip_build_finished=False, packages_select_test_failures=False, packages_skip_test_passed=False, packages_select=None, packages_skip=None, packages_select_regex=None, packages_skip_regex=None, packages_start=None, packages_end=None, allow_overriding=[], lookup_in_workspace=False, cargo_args=None, clean_build=False, cmake_args=None, cmake_target=None, cmake_target_skip_unavailable=False, cmake_clean_cache=False, cmake_clean_first=False, cmake_force_configure=False, ament_cmake_args=None, catkin_cmake_args=None, catkin_skip_building_tests=False, verb_parser=<colcon_defaults.argument_parser.defaults.DefaultArgumentsDecorator object at 0x7fbc9fe2a170>, verb_extension=<colcon_core.verb.build.BuildVerb object at 0x7fbc9fe29870>, main=<bound method BuildVerb.main of <colcon_core.verb.build.BuildVerb object at 0x7fbc9fe29870>>)
[0.226s] Level 1:colcon.colcon_core.package_discovery:discover_packages(colcon_meta) check parameters
[0.226s] Level 1:colcon.colcon_core.package_discovery:discover_packages(recursive) check parameters
[0.226s] Level 1:colcon.colcon_core.package_discovery:discover_packages(ignore) check parameters
[0.226s] Level 1:colcon.colcon_core.package_discovery:discover_packages(path) check parameters
[0.226s] Level 1:colcon.colcon_core.package_discovery:discover_packages(cargo_workspace) check parameters
[0.226s] Level 1:colcon.colcon_core.package_discovery:discover_packages(colcon_meta) discover
[0.226s] Level 1:colcon.colcon_core.package_discovery:discover_packages(recursive) discover
[0.227s] INFO:colcon.colcon_core.package_discovery:Crawling recursively for packages in '/home/xie/techx_R2_algorithm/techx_vision_brige'
[0.227s] Level 1:colcon.colcon_core.package_identification:_identify(.) by extensions ['ignore', 'ignore_ament_install']
[0.227s] Level 1:colcon.colcon_core.package_identification:_identify(.) by extension 'ignore'
[0.227s] Level 1:colcon.colcon_core.package_identification:_identify(.) by extension 'ignore_ament_install'
[0.227s] Level 1:colcon.colcon_core.package_identification:_identify(.) by extensions ['cargo_workspace']
[0.227s] Level 1:colcon.colcon_core.package_identification:_identify(.) by extension 'cargo_workspace'
[0.227s] Level 1:colcon.colcon_core.package_identification:_identify(.) by extensions ['colcon_pkg']
[0.227s] Level 1:colcon.colcon_core.package_identification:_identify(.) by extension 'colcon_pkg'
[0.227s] Level 1:colcon.colcon_core.package_identification:_identify(.) by extensions ['colcon_meta']
[0.227s] Level 1:colcon.colcon_core.package_identification:_identify(.) by extension 'colcon_meta'
[0.227s] Level 1:colcon.colcon_core.package_identification:_identify(.) by extensions ['ament_cargo']
[0.227s] Level 1:colcon.colcon_core.package_identification:_identify(.) by extension 'ament_cargo'
[0.227s] Level 1:colcon.colcon_core.package_identification:_identify(.) by extensions ['ros']
[0.227s] Level 1:colcon.colcon_core.package_identification:_identify(.) by extension 'ros'
[0.227s] Level 1:colcon.colcon_core.package_identification:_identify(.) by extensions ['cargo', 'cmake', 'python']
[0.227s] Level 1:colcon.colcon_core.package_identification:_identify(.) by extension 'cargo'
[0.227s] Level 1:colcon.colcon_core.package_identification:_identify(.) by extension 'cmake'
[0.227s] Level 1:colcon.colcon_core.package_identification:_identify(.) by extension 'python'
[0.227s] Level 1:colcon.colcon_core.package_identification:_identify(.) by extensions ['python_setup_py']
[0.227s] Level 1:colcon.colcon_core.package_identification:_identify(.) by extension 'python_setup_py'
[0.227s] Level 1:colcon.colcon_core.package_identification:_identify(build) by extensions ['ignore', 'ignore_ament_install']
[0.227s] Level 1:colcon.colcon_core.package_identification:_identify(build) by extension 'ignore'
[0.227s] Level 1:colcon.colcon_core.package_identification:_identify(build) ignored
[0.227s] Level 1:colcon.colcon_core.package_identification:_identify(install) by extensions ['ignore', 'ignore_ament_install']
[0.227s] Level 1:colcon.colcon_core.package_identification:_identify(install) by extension 'ignore'
[0.227s] Level 1:colcon.colcon_core.package_identification:_identify(install) ignored
[0.227s] Level 1:colcon.colcon_core.package_identification:_identify(log) by extensions ['ignore', 'ignore_ament_install']
[0.227s] Level 1:colcon.colcon_core.package_identification:_identify(log) by extension 'ignore'
[0.227s] Level 1:colcon.colcon_core.package_identification:_identify(log) ignored
[0.228s] Level 1:colcon.colcon_core.package_identification:_identify(src) by extensions ['ignore', 'ignore_ament_install']
[0.228s] Level 1:colcon.colcon_core.package_identification:_identify(src) by extension 'ignore'
[0.228s] Level 1:colcon.colcon_core.package_identification:_identify(src) by extension 'ignore_ament_install'
[0.228s] Level 1:colcon.colcon_core.package_identification:_identify(src) by extensions ['cargo_workspace']
[0.228s] Level 1:colcon.colcon_core.package_identification:_identify(src) by extension 'cargo_workspace'
[0.228s] Level 1:colcon.colcon_core.package_identification:_identify(src) by extensions ['colcon_pkg']
[0.228s] Level 1:colcon.colcon_core.package_identification:_identify(src) by extension 'colcon_pkg'
[0.228s] Level 1:colcon.colcon_core.package_identification:_identify(src) by extensions ['colcon_meta']
[0.228s] Level 1:colcon.colcon_core.package_identification:_identify(src) by extension 'colcon_meta'
[0.228s] Level 1:colcon.colcon_core.package_identification:_identify(src) by extensions ['ament_cargo']
[0.228s] Level 1:colcon.colcon_core.package_identification:_identify(src) by extension 'ament_cargo'
[0.228s] Level 1:colcon.colcon_core.package_identification:_identify(src) by extensions ['ros']
[0.228s] Level 1:colcon.colcon_core.package_identification:_identify(src) by extension 'ros'
[0.228s] Level 1:colcon.colcon_core.package_identification:_identify(src) by extensions ['cargo', 'cmake', 'python']
[0.228s] Level 1:colcon.colcon_core.package_identification:_identify(src) by extension 'cargo'
[0.228s] Level 1:colcon.colcon_core.package_identification:_identify(src) by extension 'cmake'
[0.228s] Level 1:colcon.colcon_core.package_identification:_identify(src) by extension 'python'
[0.228s] Level 1:colcon.colcon_core.package_identification:_identify(src) by extensions ['python_setup_py']
[0.228s] Level 1:colcon.colcon_core.package_identification:_identify(src) by extension 'python_setup_py'
[0.228s] Level 1:colcon.colcon_core.package_identification:_identify(src/techx_vision_bridge) by extensions ['ignore', 'ignore_ament_install']
[0.228s] Level 1:colcon.colcon_core.package_identification:_identify(src/techx_vision_bridge) by extension 'ignore'
[0.228s] Level 1:colcon.colcon_core.package_identification:_identify(src/techx_vision_bridge) by extension 'ignore_ament_install'
[0.228s] Level 1:colcon.colcon_core.package_identification:_identify(src/techx_vision_bridge) by extensions ['cargo_workspace']
[0.228s] Level 1:colcon.colcon_core.package_identification:_identify(src/techx_vision_bridge) by extension 'cargo_workspace'
[0.228s] Level 1:colcon.colcon_core.package_identification:_identify(src/techx_vision_bridge) by extensions ['colcon_pkg']
[0.228s] Level 1:colcon.colcon_core.package_identification:_identify(src/techx_vision_bridge) by extension 'colcon_pkg'
[0.228s] Level 1:colcon.colcon_core.package_identification:_identify(src/techx_vision_bridge) by extensions ['colcon_meta']
[0.228s] Level 1:colcon.colcon_core.package_identification:_identify(src/techx_vision_bridge) by extension 'colcon_meta'
[0.228s] Level 1:colcon.colcon_core.package_identification:_identify(src/techx_vision_bridge) by extensions ['ament_cargo']
[0.228s] Level 1:colcon.colcon_core.package_identification:_identify(src/techx_vision_bridge) by extension 'ament_cargo'
[0.230s] Level 1:colcon.colcon_core.package_identification:_identify(src/techx_vision_bridge) by extensions ['ros']
[0.230s] Level 1:colcon.colcon_core.package_identification:_identify(src/techx_vision_bridge) by extension 'ros'
[0.231s] DEBUG:colcon.colcon_core.package_identification:Package 'src/techx_vision_bridge' with type 'ros.ament_cmake' and name 'techx_vision_bridge'
[0.231s] Level 1:colcon.colcon_core.package_discovery:discover_packages(recursive) using defaults
[0.231s] Level 1:colcon.colcon_core.package_discovery:discover_packages(ignore) discover
[0.231s] Level 1:colcon.colcon_core.package_discovery:discover_packages(ignore) using defaults
[0.231s] Level 1:colcon.colcon_core.package_discovery:discover_packages(path) discover
[0.231s] Level 1:colcon.colcon_core.package_discovery:discover_packages(path) using defaults
[0.231s] Level 1:colcon.colcon_core.package_discovery:discover_packages(cargo_workspace) discover
[0.231s] Level 1:colcon.colcon_core.package_discovery:discover_packages(cargo_workspace) using defaults
[0.243s] Level 1:colcon.colcon_core.package_discovery:discover_packages(prefix_path) check parameters
[0.243s] Level 1:colcon.colcon_core.package_discovery:discover_packages(prefix_path) discover
[0.245s] DEBUG:colcon.colcon_installed_package_information.package_discovery:Found 430 installed packages in /opt/ros/humble
[0.247s] Level 1:colcon.colcon_core.package_discovery:discover_packages(prefix_path) using defaults
[0.283s] Level 5:colcon.colcon_core.verb:set package 'techx_vision_bridge' build argument 'lookup_in_workspace' from command line to 'False'
[0.283s] Level 5:colcon.colcon_core.verb:set package 'techx_vision_bridge' build argument 'cargo_args' from command line to 'None'
[0.283s] Level 5:colcon.colcon_core.verb:set package 'techx_vision_bridge' build argument 'clean_build' from command line to 'False'
[0.284s] Level 5:colcon.colcon_core.verb:set package 'techx_vision_bridge' build argument 'cmake_args' from command line to 'None'
[0.284s] Level 5:colcon.colcon_core.verb:set package 'techx_vision_bridge' build argument 'cmake_target' from command line to 'None'
[0.284s] Level 5:colcon.colcon_core.verb:set package 'techx_vision_bridge' build argument 'cmake_target_skip_unavailable' from command line to 'False'
[0.284s] Level 5:colcon.colcon_core.verb:set package 'techx_vision_bridge' build argument 'cmake_clean_cache' from command line to 'False'
[0.284s] Level 5:colcon.colcon_core.verb:set package 'techx_vision_bridge' build argument 'cmake_clean_first' from command line to 'False'
[0.284s] Level 5:colcon.colcon_core.verb:set package 'techx_vision_bridge' build argument 'cmake_force_configure' from command line to 'False'
[0.284s] Level 5:colcon.colcon_core.verb:set package 'techx_vision_bridge' build argument 'ament_cmake_args' from command line to 'None'
[0.284s] Level 5:colcon.colcon_core.verb:set package 'techx_vision_bridge' build argument 'catkin_cmake_args' from command line to 'None'
[0.284s] Level 5:colcon.colcon_core.verb:set package 'techx_vision_bridge' build argument 'catkin_skip_building_tests' from command line to 'False'
[0.284s] DEBUG:colcon.colcon_core.verb:Building package 'techx_vision_bridge' with the following arguments: {'ament_cmake_args': None, 'build_base': '/home/xie/techx_R2_algorithm/techx_vision_brige/build/techx_vision_bridge', 'cargo_args': None, 'catkin_cmake_args': None, 'catkin_skip_building_tests': False, 'clean_build': False, 'cmake_args': None, 'cmake_clean_cache': False, 'cmake_clean_first': False, 'cmake_force_configure': False, 'cmake_target': None, 'cmake_target_skip_unavailable': False, 'install_base': '/home/xie/techx_R2_algorithm/techx_vision_brige/install/techx_vision_bridge', 'lookup_in_workspace': False, 'merge_install': False, 'path': '/home/xie/techx_R2_algorithm/techx_vision_brige/src/techx_vision_bridge', 'symlink_install': False, 'test_result_base': None}
[0.284s] INFO:colcon.colcon_core.executor:Executing jobs using 'parallel' executor
[0.285s] DEBUG:colcon.colcon_parallel_executor.executor.parallel:run_until_complete
[0.285s] INFO:colcon.colcon_ros.task.ament_cmake.build:Building ROS package in '/home/xie/techx_R2_algorithm/techx_vision_brige/src/techx_vision_bridge' with build type 'ament_cmake'
[0.285s] INFO:colcon.colcon_cmake.task.cmake.build:Building CMake package in '/home/xie/techx_R2_algorithm/techx_vision_brige/src/techx_vision_bridge'
[0.286s] INFO:colcon.colcon_core.plugin_system:Skipping extension 'colcon_core.shell.bat': Not used on non-Windows systems
[0.286s] INFO:colcon.colcon_core.shell:Skip shell extension 'powershell' for command environment: Not usable outside of PowerShell
[0.286s] DEBUG:colcon.colcon_core.shell:Skip shell extension 'dsv' for command environment
[0.295s] DEBUG:colcon.colcon_core.event_handler.log_command:Invoking command in '/home/xie/techx_R2_algorithm/techx_vision_brige/build/techx_vision_bridge': CMAKE_PREFIX_PATH=/opt/ros/humble /usr/bin/cmake --build /home/xie/techx_R2_algorithm/techx_vision_brige/build/techx_vision_bridge -- -j32 -l32
[0.567s] DEBUG:colcon.colcon_core.event_handler.log_command:Invoked command in '/home/xie/techx_R2_algorithm/techx_vision_brige/build/techx_vision_bridge' returned '0': CMAKE_PREFIX_PATH=/opt/ros/humble /usr/bin/cmake --build /home/xie/techx_R2_algorithm/techx_vision_brige/build/techx_vision_bridge -- -j32 -l32
[0.576s] DEBUG:colcon.colcon_core.event_handler.log_command:Invoking command in '/home/xie/techx_R2_algorithm/techx_vision_brige/build/techx_vision_bridge': CMAKE_PREFIX_PATH=/opt/ros/humble /usr/bin/cmake --install /home/xie/techx_R2_algorithm/techx_vision_brige/build/techx_vision_bridge
[0.621s] Level 1:colcon.colcon_core.environment:create_environment_scripts_only(techx_vision_bridge)
[0.621s] DEBUG:colcon.colcon_core.event_handler.log_command:Invoked command in '/home/xie/techx_R2_algorithm/techx_vision_brige/build/techx_vision_bridge' returned '0': CMAKE_PREFIX_PATH=/opt/ros/humble /usr/bin/cmake --install /home/xie/techx_R2_algorithm/techx_vision_brige/build/techx_vision_bridge
[0.623s] Level 1:colcon.colcon_core.environment:checking '/home/xie/techx_R2_algorithm/techx_vision_brige/install/techx_vision_bridge' for CMake module files
[0.623s] Level 1:colcon.colcon_core.environment:checking '/home/xie/techx_R2_algorithm/techx_vision_brige/install/techx_vision_bridge' for CMake config files
[0.624s] Level 1:colcon.colcon_core.shell:create_environment_hook('techx_vision_bridge', 'cmake_prefix_path')
[0.624s] INFO:colcon.colcon_core.shell:Creating environment hook '/home/xie/techx_R2_algorithm/techx_vision_brige/install/techx_vision_bridge/share/techx_vision_bridge/hook/cmake_prefix_path.ps1'
[0.624s] INFO:colcon.colcon_core.shell:Creating environment descriptor '/home/xie/techx_R2_algorithm/techx_vision_brige/install/techx_vision_bridge/share/techx_vision_bridge/hook/cmake_prefix_path.dsv'
[0.625s] INFO:colcon.colcon_core.shell:Creating environment hook '/home/xie/techx_R2_algorithm/techx_vision_brige/install/techx_vision_bridge/share/techx_vision_bridge/hook/cmake_prefix_path.sh'
[0.625s] Level 1:colcon.colcon_core.environment:checking '/home/xie/techx_R2_algorithm/techx_vision_brige/install/techx_vision_bridge/lib'
[0.625s] Level 1:colcon.colcon_core.shell:create_environment_hook('techx_vision_bridge', 'ld_library_path_lib')
[0.626s] INFO:colcon.colcon_core.shell:Creating environment hook '/home/xie/techx_R2_algorithm/techx_vision_brige/install/techx_vision_bridge/share/techx_vision_bridge/hook/ld_library_path_lib.ps1'
[0.626s] INFO:colcon.colcon_core.shell:Creating environment descriptor '/home/xie/techx_R2_algorithm/techx_vision_brige/install/techx_vision_bridge/share/techx_vision_bridge/hook/ld_library_path_lib.dsv'
[0.626s] INFO:colcon.colcon_core.shell:Creating environment hook '/home/xie/techx_R2_algorithm/techx_vision_brige/install/techx_vision_bridge/share/techx_vision_bridge/hook/ld_library_path_lib.sh'
[0.626s] Level 1:colcon.colcon_core.environment:checking '/home/xie/techx_R2_algorithm/techx_vision_brige/install/techx_vision_bridge/bin'
[0.626s] Level 1:colcon.colcon_core.environment:checking '/home/xie/techx_R2_algorithm/techx_vision_brige/install/techx_vision_bridge/lib/pkgconfig/techx_vision_bridge.pc'
[0.627s] Level 1:colcon.colcon_core.environment:checking '/home/xie/techx_R2_algorithm/techx_vision_brige/install/techx_vision_bridge/lib/python3.10/site-packages'
[0.627s] Level 1:colcon.colcon_core.environment:checking '/home/xie/techx_R2_algorithm/techx_vision_brige/install/techx_vision_bridge/bin'
[0.627s] INFO:colcon.colcon_core.shell:Creating package script '/home/xie/techx_R2_algorithm/techx_vision_brige/install/techx_vision_bridge/share/techx_vision_bridge/package.ps1'
[0.628s] INFO:colcon.colcon_core.shell:Creating package descriptor '/home/xie/techx_R2_algorithm/techx_vision_brige/install/techx_vision_bridge/share/techx_vision_bridge/package.dsv'
[0.628s] INFO:colcon.colcon_core.shell:Creating package script '/home/xie/techx_R2_algorithm/techx_vision_brige/install/techx_vision_bridge/share/techx_vision_bridge/package.sh'
[0.629s] INFO:colcon.colcon_core.shell:Creating package script '/home/xie/techx_R2_algorithm/techx_vision_brige/install/techx_vision_bridge/share/techx_vision_bridge/package.bash'
[0.629s] INFO:colcon.colcon_core.shell:Creating package script '/home/xie/techx_R2_algorithm/techx_vision_brige/install/techx_vision_bridge/share/techx_vision_bridge/package.zsh'
[0.629s] Level 1:colcon.colcon_core.environment:create_file_with_runtime_dependencies(/home/xie/techx_R2_algorithm/techx_vision_brige/install/techx_vision_bridge/share/colcon-core/packages/techx_vision_bridge)
[0.630s] Level 1:colcon.colcon_core.environment:create_environment_scripts_only(techx_vision_bridge)
[0.630s] Level 1:colcon.colcon_core.environment:checking '/home/xie/techx_R2_algorithm/techx_vision_brige/install/techx_vision_bridge' for CMake module files
[0.630s] Level 1:colcon.colcon_core.environment:checking '/home/xie/techx_R2_algorithm/techx_vision_brige/install/techx_vision_bridge' for CMake config files
[0.631s] Level 1:colcon.colcon_core.shell:create_environment_hook('techx_vision_bridge', 'cmake_prefix_path')
[0.631s] INFO:colcon.colcon_core.shell:Creating environment hook '/home/xie/techx_R2_algorithm/techx_vision_brige/install/techx_vision_bridge/share/techx_vision_bridge/hook/cmake_prefix_path.ps1'
[0.631s] INFO:colcon.colcon_core.shell:Creating environment descriptor '/home/xie/techx_R2_algorithm/techx_vision_brige/install/techx_vision_bridge/share/techx_vision_bridge/hook/cmake_prefix_path.dsv'
[0.631s] INFO:colcon.colcon_core.shell:Creating environment hook '/home/xie/techx_R2_algorithm/techx_vision_brige/install/techx_vision_bridge/share/techx_vision_bridge/hook/cmake_prefix_path.sh'
[0.632s] Level 1:colcon.colcon_core.environment:checking '/home/xie/techx_R2_algorithm/techx_vision_brige/install/techx_vision_bridge/lib'
[0.632s] Level 1:colcon.colcon_core.shell:create_environment_hook('techx_vision_bridge', 'ld_library_path_lib')
[0.632s] INFO:colcon.colcon_core.shell:Creating environment hook '/home/xie/techx_R2_algorithm/techx_vision_brige/install/techx_vision_bridge/share/techx_vision_bridge/hook/ld_library_path_lib.ps1'
[0.632s] INFO:colcon.colcon_core.shell:Creating environment descriptor '/home/xie/techx_R2_algorithm/techx_vision_brige/install/techx_vision_bridge/share/techx_vision_bridge/hook/ld_library_path_lib.dsv'
[0.632s] INFO:colcon.colcon_core.shell:Creating environment hook '/home/xie/techx_R2_algorithm/techx_vision_brige/install/techx_vision_bridge/share/techx_vision_bridge/hook/ld_library_path_lib.sh'
[0.633s] Level 1:colcon.colcon_core.environment:checking '/home/xie/techx_R2_algorithm/techx_vision_brige/install/techx_vision_bridge/bin'
[0.633s] Level 1:colcon.colcon_core.environment:checking '/home/xie/techx_R2_algorithm/techx_vision_brige/install/techx_vision_bridge/lib/pkgconfig/techx_vision_bridge.pc'
[0.633s] Level 1:colcon.colcon_core.environment:checking '/home/xie/techx_R2_algorithm/techx_vision_brige/install/techx_vision_bridge/lib/python3.10/site-packages'
[0.633s] Level 1:colcon.colcon_core.environment:checking '/home/xie/techx_R2_algorithm/techx_vision_brige/install/techx_vision_bridge/bin'
[0.633s] INFO:colcon.colcon_core.shell:Creating package script '/home/xie/techx_R2_algorithm/techx_vision_brige/install/techx_vision_bridge/share/techx_vision_bridge/package.ps1'
[0.634s] INFO:colcon.colcon_core.shell:Creating package descriptor '/home/xie/techx_R2_algorithm/techx_vision_brige/install/techx_vision_bridge/share/techx_vision_bridge/package.dsv'
[0.634s] INFO:colcon.colcon_core.shell:Creating package script '/home/xie/techx_R2_algorithm/techx_vision_brige/install/techx_vision_bridge/share/techx_vision_bridge/package.sh'
[0.634s] INFO:colcon.colcon_core.shell:Creating package script '/home/xie/techx_R2_algorithm/techx_vision_brige/install/techx_vision_bridge/share/techx_vision_bridge/package.bash'
[0.635s] INFO:colcon.colcon_core.shell:Creating package script '/home/xie/techx_R2_algorithm/techx_vision_brige/install/techx_vision_bridge/share/techx_vision_bridge/package.zsh'
[0.635s] Level 1:colcon.colcon_core.environment:create_file_with_runtime_dependencies(/home/xie/techx_R2_algorithm/techx_vision_brige/install/techx_vision_bridge/share/colcon-core/packages/techx_vision_bridge)
[0.635s] DEBUG:colcon.colcon_parallel_executor.executor.parallel:closing loop
[0.635s] DEBUG:colcon.colcon_parallel_executor.executor.parallel:loop closed
[0.635s] DEBUG:colcon.colcon_parallel_executor.executor.parallel:run_until_complete finished with '0'
[0.635s] DEBUG:colcon.colcon_core.event_reactor:joining thread
[0.639s] INFO:colcon.colcon_core.plugin_system:Skipping extension 'colcon_notification.desktop_notification.terminal_notifier': Not used on non-Darwin systems
[0.639s] INFO:colcon.colcon_core.plugin_system:Skipping extension 'colcon_notification.desktop_notification.win32': Not used on non-Windows systems
[0.639s] INFO:colcon.colcon_notification.desktop_notification:Sending desktop notification using 'notify2'
[0.647s] DEBUG:colcon.colcon_core.event_reactor:joined thread
[0.647s] INFO:colcon.colcon_core.shell:Creating prefix script '/home/xie/techx_R2_algorithm/techx_vision_brige/install/local_setup.ps1'
[0.648s] INFO:colcon.colcon_core.shell:Creating prefix util module '/home/xie/techx_R2_algorithm/techx_vision_brige/install/_local_setup_util_ps1.py'
[0.649s] INFO:colcon.colcon_core.shell:Creating prefix chain script '/home/xie/techx_R2_algorithm/techx_vision_brige/install/setup.ps1'
[0.649s] INFO:colcon.colcon_core.shell:Creating prefix script '/home/xie/techx_R2_algorithm/techx_vision_brige/install/local_setup.sh'
[0.650s] INFO:colcon.colcon_core.shell:Creating prefix util module '/home/xie/techx_R2_algorithm/techx_vision_brige/install/_local_setup_util_sh.py'
[0.650s] INFO:colcon.colcon_core.shell:Creating prefix chain script '/home/xie/techx_R2_algorithm/techx_vision_brige/install/setup.sh'
[0.650s] INFO:colcon.colcon_core.shell:Creating prefix script '/home/xie/techx_R2_algorithm/techx_vision_brige/install/local_setup.bash'
[0.651s] INFO:colcon.colcon_core.shell:Creating prefix chain script '/home/xie/techx_R2_algorithm/techx_vision_brige/install/setup.bash'
[0.651s] INFO:colcon.colcon_core.shell:Creating prefix script '/home/xie/techx_R2_algorithm/techx_vision_brige/install/local_setup.zsh'
[0.651s] INFO:colcon.colcon_core.shell:Creating prefix chain script '/home/xie/techx_R2_algorithm/techx_vision_brige/install/setup.zsh'
