[0.010s] Invoking command in '/home/xie/techx_R2_algorithm/techx_vision_brige/build/techx_vision_bridge': CMAKE_PREFIX_PATH=/opt/ros/humble /usr/bin/cmake --build /home/xie/techx_R2_algorithm/techx_vision_brige/build/techx_vision_bridge -- -j32 -l32
[0.048s] [35m[1mConsolidate compiler generated dependencies of target techx_vision_bridge__rosidl_generator_c[0m
[0.057s] [  2%] Built target techx_vision_bridge__rs
[0.058s] [  5%] Built target techx_vision_bridge__cpp
[0.059s] [ 14%] Built target techx_vision_bridge__rosidl_generator_c
[0.064s] [ 14%] Built target ament_cmake_python_copy_techx_vision_bridge
[0.067s] [35m[1mConsolidate compiler generated dependencies of target techx_vision_bridge__rosidl_typesupport_fastrtps_cpp[0m
[0.067s] [35m[1mConsolidate compiler generated dependencies of target techx_vision_bridge__rosidl_typesupport_cpp[0m
[0.068s] [35m[1mConsolidate compiler generated dependencies of target techx_vision_bridge__rosidl_typesupport_introspection_cpp[0m
[0.068s] [35m[1mConsolidate compiler generated dependencies of target techx_vision_bridge__rosidl_typesupport_introspection_c[0m
[0.068s] [35m[1mConsolidate compiler generated dependencies of target techx_vision_bridge__rosidl_typesupport_fastrtps_c[0m
[0.069s] [35m[1mConsolidate compiler generated dependencies of target techx_vision_bridge__rosidl_typesupport_c[0m
[0.079s] [ 32%] Built target techx_vision_bridge__rosidl_typesupport_c
[0.079s] [ 32%] Built target techx_vision_bridge__rosidl_typesupport_introspection_c
[0.080s] [ 55%] Built target techx_vision_bridge__rosidl_typesupport_fastrtps_cpp
[0.080s] [ 58%] Built target techx_vision_bridge__rosidl_typesupport_introspection_cpp
[0.080s] [ 58%] Built target techx_vision_bridge__rosidl_typesupport_cpp
[0.080s] [ 67%] Built target techx_vision_bridge__rosidl_typesupport_fastrtps_c
[0.097s] [ 67%] Built target techx_vision_bridge
[0.107s] [35m[1mConsolidate compiler generated dependencies of target vision_bridge_node[0m
[0.114s] [ 70%] Built target techx_vision_bridge__py
[0.123s] [35m[1mConsolidate compiler generated dependencies of target techx_vision_bridge__rosidl_generator_py[0m
[0.125s] [ 76%] Built target vision_bridge_node
[0.135s] [ 82%] Built target techx_vision_bridge__rosidl_generator_py
[0.143s] [35m[1mConsolidate compiler generated dependencies of target techx_vision_bridge__rosidl_typesupport_fastrtps_c__pyext[0m
[0.143s] [35m[1mConsolidate compiler generated dependencies of target techx_vision_bridge__rosidl_typesupport_introspection_c__pyext[0m
[0.145s] [35m[1mConsolidate compiler generated dependencies of target techx_vision_bridge__rosidl_typesupport_c__pyext[0m
[0.155s] [ 88%] Built target techx_vision_bridge__rosidl_typesupport_introspection_c__pyext
[0.155s] [ 94%] Built target techx_vision_bridge__rosidl_typesupport_fastrtps_c__pyext
[0.157s] [100%] Built target techx_vision_bridge__rosidl_typesupport_c__pyext
[0.247s] running egg_info
[0.247s] writing techx_vision_bridge.egg-info/PKG-INFO
[0.248s] writing dependency_links to techx_vision_bridge.egg-info/dependency_links.txt
[0.248s] writing top-level names to techx_vision_bridge.egg-info/top_level.txt
[0.249s] reading manifest file 'techx_vision_bridge.egg-info/SOURCES.txt'
[0.250s] writing manifest file 'techx_vision_bridge.egg-info/SOURCES.txt'
[0.271s] [100%] Built target ament_cmake_python_build_techx_vision_bridge_egg
[0.282s] Invoked command in '/home/xie/techx_R2_algorithm/techx_vision_brige/build/techx_vision_bridge' returned '0': CMAKE_PREFIX_PATH=/opt/ros/humble /usr/bin/cmake --build /home/xie/techx_R2_algorithm/techx_vision_brige/build/techx_vision_bridge -- -j32 -l32
[0.291s] Invoking command in '/home/xie/techx_R2_algorithm/techx_vision_brige/build/techx_vision_bridge': CMAKE_PREFIX_PATH=/opt/ros/humble /usr/bin/cmake --install /home/xie/techx_R2_algorithm/techx_vision_brige/build/techx_vision_bridge
[0.297s] -- Install configuration: ""
[0.297s] -- Up-to-date: /home/xie/techx_R2_algorithm/techx_vision_brige/install/techx_vision_bridge/share/ament_index/resource_index/rosidl_interfaces/techx_vision_bridge
[0.297s] -- Up-to-date: /home/xie/techx_R2_algorithm/techx_vision_brige/install/techx_vision_bridge/include/techx_vision_bridge/techx_vision_bridge
[0.297s] -- Up-to-date: /home/xie/techx_R2_algorithm/techx_vision_brige/install/techx_vision_bridge/include/techx_vision_bridge/techx_vision_bridge/msg
[0.298s] -- Up-to-date: /home/xie/techx_R2_algorithm/techx_vision_brige/install/techx_vision_bridge/include/techx_vision_bridge/techx_vision_bridge/msg/detail
[0.298s] -- Up-to-date: /home/xie/techx_R2_algorithm/techx_vision_brige/install/techx_vision_bridge/include/techx_vision_bridge/techx_vision_bridge/msg/detail/target3_d__type_support.h
[0.298s] -- Up-to-date: /home/xie/techx_R2_algorithm/techx_vision_brige/install/techx_vision_bridge/include/techx_vision_bridge/techx_vision_bridge/msg/detail/target3_d__struct.h
[0.298s] -- Up-to-date: /home/xie/techx_R2_algorithm/techx_vision_brige/install/techx_vision_bridge/include/techx_vision_bridge/techx_vision_bridge/msg/detail/target3_d__functions.h
[0.298s] -- Up-to-date: /home/xie/techx_R2_algorithm/techx_vision_brige/install/techx_vision_bridge/include/techx_vision_bridge/techx_vision_bridge/msg/detail/target3_d__functions.c
[0.298s] -- Up-to-date: /home/xie/techx_R2_algorithm/techx_vision_brige/install/techx_vision_bridge/include/techx_vision_bridge/techx_vision_bridge/msg/target3_d.h
[0.298s] -- Up-to-date: /home/xie/techx_R2_algorithm/techx_vision_brige/install/techx_vision_bridge/include/techx_vision_bridge/techx_vision_bridge/msg/rosidl_generator_c__visibility_control.h
[0.298s] -- Up-to-date: /home/xie/techx_R2_algorithm/techx_vision_brige/install/techx_vision_bridge/share/techx_vision_bridge/environment/library_path.sh
[0.298s] -- Up-to-date: /home/xie/techx_R2_algorithm/techx_vision_brige/install/techx_vision_bridge/share/techx_vision_bridge/environment/library_path.dsv
[0.298s] -- Up-to-date: /home/xie/techx_R2_algorithm/techx_vision_brige/install/techx_vision_bridge/lib/libtechx_vision_bridge__rosidl_generator_c.so
[0.298s] -- Up-to-date: /home/xie/techx_R2_algorithm/techx_vision_brige/install/techx_vision_bridge/include/techx_vision_bridge/techx_vision_bridge
[0.298s] -- Up-to-date: /home/xie/techx_R2_algorithm/techx_vision_brige/install/techx_vision_bridge/include/techx_vision_bridge/techx_vision_bridge/msg
[0.298s] -- Up-to-date: /home/xie/techx_R2_algorithm/techx_vision_brige/install/techx_vision_bridge/include/techx_vision_bridge/techx_vision_bridge/msg/detail
[0.298s] -- Up-to-date: /home/xie/techx_R2_algorithm/techx_vision_brige/install/techx_vision_bridge/include/techx_vision_bridge/techx_vision_bridge/msg/detail/target3_d__rosidl_typesupport_fastrtps_c.h
[0.298s] -- Up-to-date: /home/xie/techx_R2_algorithm/techx_vision_brige/install/techx_vision_bridge/include/techx_vision_bridge/techx_vision_bridge/msg/rosidl_typesupport_fastrtps_c__visibility_control.h
[0.298s] -- Up-to-date: /home/xie/techx_R2_algorithm/techx_vision_brige/install/techx_vision_bridge/lib/libtechx_vision_bridge__rosidl_typesupport_fastrtps_c.so
[0.299s] -- Up-to-date: /home/xie/techx_R2_algorithm/techx_vision_brige/install/techx_vision_bridge/include/techx_vision_bridge/techx_vision_bridge
[0.299s] -- Up-to-date: /home/xie/techx_R2_algorithm/techx_vision_brige/install/techx_vision_bridge/include/techx_vision_bridge/techx_vision_bridge/msg
[0.299s] -- Up-to-date: /home/xie/techx_R2_algorithm/techx_vision_brige/install/techx_vision_bridge/include/techx_vision_bridge/techx_vision_bridge/msg/detail
[0.299s] -- Up-to-date: /home/xie/techx_R2_algorithm/techx_vision_brige/install/techx_vision_bridge/include/techx_vision_bridge/techx_vision_bridge/msg/detail/target3_d__traits.hpp
[0.299s] -- Up-to-date: /home/xie/techx_R2_algorithm/techx_vision_brige/install/techx_vision_bridge/include/techx_vision_bridge/techx_vision_bridge/msg/detail/target3_d__struct.hpp
[0.299s] -- Up-to-date: /home/xie/techx_R2_algorithm/techx_vision_brige/install/techx_vision_bridge/include/techx_vision_bridge/techx_vision_bridge/msg/detail/target3_d__builder.hpp
[0.299s] -- Up-to-date: /home/xie/techx_R2_algorithm/techx_vision_brige/install/techx_vision_bridge/include/techx_vision_bridge/techx_vision_bridge/msg/detail/target3_d__type_support.hpp
[0.299s] -- Up-to-date: /home/xie/techx_R2_algorithm/techx_vision_brige/install/techx_vision_bridge/include/techx_vision_bridge/techx_vision_bridge/msg/rosidl_generator_cpp__visibility_control.hpp
[0.299s] -- Up-to-date: /home/xie/techx_R2_algorithm/techx_vision_brige/install/techx_vision_bridge/include/techx_vision_bridge/techx_vision_bridge/msg/target3_d.hpp
[0.299s] -- Up-to-date: /home/xie/techx_R2_algorithm/techx_vision_brige/install/techx_vision_bridge/include/techx_vision_bridge/techx_vision_bridge
[0.299s] -- Up-to-date: /home/xie/techx_R2_algorithm/techx_vision_brige/install/techx_vision_bridge/include/techx_vision_bridge/techx_vision_bridge/msg
[0.299s] -- Up-to-date: /home/xie/techx_R2_algorithm/techx_vision_brige/install/techx_vision_bridge/include/techx_vision_bridge/techx_vision_bridge/msg/rosidl_typesupport_fastrtps_cpp__visibility_control.h
[0.299s] -- Up-to-date: /home/xie/techx_R2_algorithm/techx_vision_brige/install/techx_vision_bridge/include/techx_vision_bridge/techx_vision_bridge/msg/detail
[0.299s] -- Up-to-date: /home/xie/techx_R2_algorithm/techx_vision_brige/install/techx_vision_bridge/include/techx_vision_bridge/techx_vision_bridge/msg/detail/target3_d__rosidl_typesupport_fastrtps_cpp.hpp
[0.300s] -- Up-to-date: /home/xie/techx_R2_algorithm/techx_vision_brige/install/techx_vision_bridge/include/techx_vision_bridge/techx_vision_bridge/msg/detail/dds_fastrtps
[0.300s] -- Up-to-date: /home/xie/techx_R2_algorithm/techx_vision_brige/install/techx_vision_bridge/lib/libtechx_vision_bridge__rosidl_typesupport_fastrtps_cpp.so
[0.300s] -- Up-to-date: /home/xie/techx_R2_algorithm/techx_vision_brige/install/techx_vision_bridge/include/techx_vision_bridge/techx_vision_bridge
[0.300s] -- Up-to-date: /home/xie/techx_R2_algorithm/techx_vision_brige/install/techx_vision_bridge/include/techx_vision_bridge/techx_vision_bridge/msg
[0.300s] -- Up-to-date: /home/xie/techx_R2_algorithm/techx_vision_brige/install/techx_vision_bridge/include/techx_vision_bridge/techx_vision_bridge/msg/detail
[0.300s] -- Up-to-date: /home/xie/techx_R2_algorithm/techx_vision_brige/install/techx_vision_bridge/include/techx_vision_bridge/techx_vision_bridge/msg/detail/target3_d__rosidl_typesupport_introspection_c.h
[0.300s] -- Up-to-date: /home/xie/techx_R2_algorithm/techx_vision_brige/install/techx_vision_bridge/include/techx_vision_bridge/techx_vision_bridge/msg/detail/target3_d__type_support.c
[0.300s] -- Up-to-date: /home/xie/techx_R2_algorithm/techx_vision_brige/install/techx_vision_bridge/include/techx_vision_bridge/techx_vision_bridge/msg/rosidl_typesupport_introspection_c__visibility_control.h
[0.300s] -- Up-to-date: /home/xie/techx_R2_algorithm/techx_vision_brige/install/techx_vision_bridge/lib/libtechx_vision_bridge__rosidl_typesupport_introspection_c.so
[0.300s] -- Up-to-date: /home/xie/techx_R2_algorithm/techx_vision_brige/install/techx_vision_bridge/lib/libtechx_vision_bridge__rosidl_typesupport_c.so
[0.300s] -- Up-to-date: /home/xie/techx_R2_algorithm/techx_vision_brige/install/techx_vision_bridge/include/techx_vision_bridge/techx_vision_bridge
[0.301s] -- Up-to-date: /home/xie/techx_R2_algorithm/techx_vision_brige/install/techx_vision_bridge/include/techx_vision_bridge/techx_vision_bridge/msg
[0.301s] -- Up-to-date: /home/xie/techx_R2_algorithm/techx_vision_brige/install/techx_vision_bridge/include/techx_vision_bridge/techx_vision_bridge/msg/detail
[0.301s] -- Up-to-date: /home/xie/techx_R2_algorithm/techx_vision_brige/install/techx_vision_bridge/include/techx_vision_bridge/techx_vision_bridge/msg/detail/target3_d__rosidl_typesupport_introspection_cpp.hpp
[0.301s] -- Up-to-date: /home/xie/techx_R2_algorithm/techx_vision_brige/install/techx_vision_bridge/include/techx_vision_bridge/techx_vision_bridge/msg/detail/target3_d__type_support.cpp
[0.301s] -- Up-to-date: /home/xie/techx_R2_algorithm/techx_vision_brige/install/techx_vision_bridge/lib/libtechx_vision_bridge__rosidl_typesupport_introspection_cpp.so
[0.301s] -- Up-to-date: /home/xie/techx_R2_algorithm/techx_vision_brige/install/techx_vision_bridge/lib/libtechx_vision_bridge__rosidl_typesupport_cpp.so
[0.301s] -- Up-to-date: /home/xie/techx_R2_algorithm/techx_vision_brige/install/techx_vision_bridge/share/techx_vision_bridge/environment/pythonpath.sh
[0.301s] -- Up-to-date: /home/xie/techx_R2_algorithm/techx_vision_brige/install/techx_vision_bridge/share/techx_vision_bridge/environment/pythonpath.dsv
[0.302s] -- Up-to-date: /home/xie/techx_R2_algorithm/techx_vision_brige/install/techx_vision_bridge/local/lib/python3.10/dist-packages/techx_vision_bridge-2.0.0-py3.10.egg-info
[0.302s] -- Installing: /home/xie/techx_R2_algorithm/techx_vision_brige/install/techx_vision_bridge/local/lib/python3.10/dist-packages/techx_vision_bridge-2.0.0-py3.10.egg-info/top_level.txt
[0.302s] -- Installing: /home/xie/techx_R2_algorithm/techx_vision_brige/install/techx_vision_bridge/local/lib/python3.10/dist-packages/techx_vision_bridge-2.0.0-py3.10.egg-info/PKG-INFO
[0.302s] -- Installing: /home/xie/techx_R2_algorithm/techx_vision_brige/install/techx_vision_bridge/local/lib/python3.10/dist-packages/techx_vision_bridge-2.0.0-py3.10.egg-info/dependency_links.txt
[0.302s] -- Installing: /home/xie/techx_R2_algorithm/techx_vision_brige/install/techx_vision_bridge/local/lib/python3.10/dist-packages/techx_vision_bridge-2.0.0-py3.10.egg-info/SOURCES.txt
[0.302s] -- Up-to-date: /home/xie/techx_R2_algorithm/techx_vision_brige/install/techx_vision_bridge/local/lib/python3.10/dist-packages/techx_vision_bridge
[0.302s] -- Up-to-date: /home/xie/techx_R2_algorithm/techx_vision_brige/install/techx_vision_bridge/local/lib/python3.10/dist-packages/techx_vision_bridge/_techx_vision_bridge_s.ep.rosidl_typesupport_fastrtps_c.c
[0.302s] -- Up-to-date: /home/xie/techx_R2_algorithm/techx_vision_brige/install/techx_vision_bridge/local/lib/python3.10/dist-packages/techx_vision_bridge/__init__.py
[0.302s] -- Up-to-date: /home/xie/techx_R2_algorithm/techx_vision_brige/install/techx_vision_bridge/local/lib/python3.10/dist-packages/techx_vision_bridge/techx_vision_bridge_s__rosidl_typesupport_c.cpython-310-x86_64-linux-gnu.so
[0.302s] -- Up-to-date: /home/xie/techx_R2_algorithm/techx_vision_brige/install/techx_vision_bridge/local/lib/python3.10/dist-packages/techx_vision_bridge/_techx_vision_bridge_s.ep.rosidl_typesupport_c.c
[0.303s] -- Up-to-date: /home/xie/techx_R2_algorithm/techx_vision_brige/install/techx_vision_bridge/local/lib/python3.10/dist-packages/techx_vision_bridge/_techx_vision_bridge_s.ep.rosidl_typesupport_introspection_c.c
[0.303s] -- Up-to-date: /home/xie/techx_R2_algorithm/techx_vision_brige/install/techx_vision_bridge/local/lib/python3.10/dist-packages/techx_vision_bridge/msg
[0.303s] -- Up-to-date: /home/xie/techx_R2_algorithm/techx_vision_brige/install/techx_vision_bridge/local/lib/python3.10/dist-packages/techx_vision_bridge/msg/_target3_d_s.c
[0.303s] -- Up-to-date: /home/xie/techx_R2_algorithm/techx_vision_brige/install/techx_vision_bridge/local/lib/python3.10/dist-packages/techx_vision_bridge/msg/_target3_d.py
[0.303s] -- Up-to-date: /home/xie/techx_R2_algorithm/techx_vision_brige/install/techx_vision_bridge/local/lib/python3.10/dist-packages/techx_vision_bridge/msg/__init__.py
[0.303s] -- Up-to-date: /home/xie/techx_R2_algorithm/techx_vision_brige/install/techx_vision_bridge/local/lib/python3.10/dist-packages/techx_vision_bridge/techx_vision_bridge_s__rosidl_typesupport_fastrtps_c.cpython-310-x86_64-linux-gnu.so
[0.303s] -- Up-to-date: /home/xie/techx_R2_algorithm/techx_vision_brige/install/techx_vision_bridge/local/lib/python3.10/dist-packages/techx_vision_bridge/techx_vision_bridge_s__rosidl_typesupport_introspection_c.cpython-310-x86_64-linux-gnu.so
[0.303s] -- Up-to-date: /home/xie/techx_R2_algorithm/techx_vision_brige/install/techx_vision_bridge/local/lib/python3.10/dist-packages/techx_vision_bridge/libtechx_vision_bridge__rosidl_generator_py.so
[0.326s] Listing '/home/xie/techx_R2_algorithm/techx_vision_brige/install/techx_vision_bridge/local/lib/python3.10/dist-packages/techx_vision_bridge'...
[0.326s] Listing '/home/xie/techx_R2_algorithm/techx_vision_brige/install/techx_vision_bridge/local/lib/python3.10/dist-packages/techx_vision_bridge/msg'...
[0.330s] -- Up-to-date: /home/xie/techx_R2_algorithm/techx_vision_brige/install/techx_vision_bridge/local/lib/python3.10/dist-packages/techx_vision_bridge/techx_vision_bridge_s__rosidl_typesupport_fastrtps_c.cpython-310-x86_64-linux-gnu.so
[0.330s] -- Up-to-date: /home/xie/techx_R2_algorithm/techx_vision_brige/install/techx_vision_bridge/local/lib/python3.10/dist-packages/techx_vision_bridge/techx_vision_bridge_s__rosidl_typesupport_introspection_c.cpython-310-x86_64-linux-gnu.so
[0.330s] -- Up-to-date: /home/xie/techx_R2_algorithm/techx_vision_brige/install/techx_vision_bridge/local/lib/python3.10/dist-packages/techx_vision_bridge/techx_vision_bridge_s__rosidl_typesupport_c.cpython-310-x86_64-linux-gnu.so
[0.330s] -- Up-to-date: /home/xie/techx_R2_algorithm/techx_vision_brige/install/techx_vision_bridge/lib/libtechx_vision_bridge__rosidl_generator_py.so
[0.331s] -- Up-to-date: /home/xie/techx_R2_algorithm/techx_vision_brige/install/techx_vision_bridge/share/ament_index/resource_index/rust_packages/techx_vision_bridge
[0.331s] -- Up-to-date: /home/xie/techx_R2_algorithm/techx_vision_brige/install/techx_vision_bridge/share/techx_vision_bridge/rust
[0.331s] -- Up-to-date: /home/xie/techx_R2_algorithm/techx_vision_brige/install/techx_vision_bridge/share/techx_vision_bridge/rust/Cargo.toml
[0.331s] -- Up-to-date: /home/xie/techx_R2_algorithm/techx_vision_brige/install/techx_vision_bridge/share/techx_vision_bridge/rust/build.rs
[0.331s] -- Up-to-date: /home/xie/techx_R2_algorithm/techx_vision_brige/install/techx_vision_bridge/share/techx_vision_bridge/rust/src
[0.331s] -- Up-to-date: /home/xie/techx_R2_algorithm/techx_vision_brige/install/techx_vision_bridge/share/techx_vision_bridge/rust/src/msg.rs
[0.331s] -- Up-to-date: /home/xie/techx_R2_algorithm/techx_vision_brige/install/techx_vision_bridge/share/techx_vision_bridge/rust/src/msg
[0.331s] -- Up-to-date: /home/xie/techx_R2_algorithm/techx_vision_brige/install/techx_vision_bridge/share/techx_vision_bridge/rust/src/msg/rmw.rs
[0.331s] -- Up-to-date: /home/xie/techx_R2_algorithm/techx_vision_brige/install/techx_vision_bridge/share/techx_vision_bridge/rust/src/lib.rs
[0.331s] -- Up-to-date: /home/xie/techx_R2_algorithm/techx_vision_brige/install/techx_vision_bridge/share/techx_vision_bridge/msg/Target3D.idl
[0.331s] -- Up-to-date: /home/xie/techx_R2_algorithm/techx_vision_brige/install/techx_vision_bridge/share/techx_vision_bridge/msg/Target3D.msg
[0.331s] -- Up-to-date: /home/xie/techx_R2_algorithm/techx_vision_brige/install/techx_vision_bridge/lib/techx_vision_bridge/vision_bridge_node
[0.331s] -- Up-to-date: /home/xie/techx_R2_algorithm/techx_vision_brige/install/techx_vision_bridge/share/techx_vision_bridge/msg
[0.331s] -- Up-to-date: /home/xie/techx_R2_algorithm/techx_vision_brige/install/techx_vision_bridge/share/techx_vision_bridge/msg/Target3D.msg
[0.332s] -- Up-to-date: /home/xie/techx_R2_algorithm/techx_vision_brige/install/techx_vision_bridge/share/techx_vision_bridge/config
[0.332s] -- Up-to-date: /home/xie/techx_R2_algorithm/techx_vision_brige/install/techx_vision_bridge/share/techx_vision_bridge/config/vision_bridge.yaml
[0.332s] -- Up-to-date: /home/xie/techx_R2_algorithm/techx_vision_brige/install/techx_vision_bridge/share/techx_vision_bridge/launch
[0.332s] -- Up-to-date: /home/xie/techx_R2_algorithm/techx_vision_brige/install/techx_vision_bridge/share/techx_vision_bridge/launch/vision_bridge.launch.py
[0.332s] -- Up-to-date: /home/xie/techx_R2_algorithm/techx_vision_brige/install/techx_vision_bridge/share/ament_index/resource_index/package_run_dependencies/techx_vision_bridge
[0.332s] -- Up-to-date: /home/xie/techx_R2_algorithm/techx_vision_brige/install/techx_vision_bridge/share/ament_index/resource_index/parent_prefix_path/techx_vision_bridge
[0.332s] -- Up-to-date: /home/xie/techx_R2_algorithm/techx_vision_brige/install/techx_vision_bridge/share/techx_vision_bridge/environment/ament_prefix_path.sh
[0.332s] -- Up-to-date: /home/xie/techx_R2_algorithm/techx_vision_brige/install/techx_vision_bridge/share/techx_vision_bridge/environment/ament_prefix_path.dsv
[0.332s] -- Up-to-date: /home/xie/techx_R2_algorithm/techx_vision_brige/install/techx_vision_bridge/share/techx_vision_bridge/environment/path.sh
[0.332s] -- Up-to-date: /home/xie/techx_R2_algorithm/techx_vision_brige/install/techx_vision_bridge/share/techx_vision_bridge/environment/path.dsv
[0.332s] -- Up-to-date: /home/xie/techx_R2_algorithm/techx_vision_brige/install/techx_vision_bridge/share/techx_vision_bridge/local_setup.bash
[0.332s] -- Up-to-date: /home/xie/techx_R2_algorithm/techx_vision_brige/install/techx_vision_bridge/share/techx_vision_bridge/local_setup.sh
[0.332s] -- Up-to-date: /home/xie/techx_R2_algorithm/techx_vision_brige/install/techx_vision_bridge/share/techx_vision_bridge/local_setup.zsh
[0.332s] -- Up-to-date: /home/xie/techx_R2_algorithm/techx_vision_brige/install/techx_vision_bridge/share/techx_vision_bridge/local_setup.dsv
[0.332s] -- Installing: /home/xie/techx_R2_algorithm/techx_vision_brige/install/techx_vision_bridge/share/techx_vision_bridge/package.dsv
[0.332s] -- Up-to-date: /home/xie/techx_R2_algorithm/techx_vision_brige/install/techx_vision_bridge/share/ament_index/resource_index/packages/techx_vision_bridge
[0.332s] -- Up-to-date: /home/xie/techx_R2_algorithm/techx_vision_brige/install/techx_vision_bridge/share/techx_vision_bridge/cmake/export_techx_vision_bridge__rosidl_generator_cExport.cmake
[0.332s] -- Up-to-date: /home/xie/techx_R2_algorithm/techx_vision_brige/install/techx_vision_bridge/share/techx_vision_bridge/cmake/export_techx_vision_bridge__rosidl_generator_cExport-noconfig.cmake
[0.332s] -- Up-to-date: /home/xie/techx_R2_algorithm/techx_vision_brige/install/techx_vision_bridge/share/techx_vision_bridge/cmake/export_techx_vision_bridge__rosidl_typesupport_fastrtps_cExport.cmake
[0.333s] -- Up-to-date: /home/xie/techx_R2_algorithm/techx_vision_brige/install/techx_vision_bridge/share/techx_vision_bridge/cmake/export_techx_vision_bridge__rosidl_typesupport_fastrtps_cExport-noconfig.cmake
[0.333s] -- Up-to-date: /home/xie/techx_R2_algorithm/techx_vision_brige/install/techx_vision_bridge/share/techx_vision_bridge/cmake/export_techx_vision_bridge__rosidl_generator_cppExport.cmake
[0.333s] -- Up-to-date: /home/xie/techx_R2_algorithm/techx_vision_brige/install/techx_vision_bridge/share/techx_vision_bridge/cmake/export_techx_vision_bridge__rosidl_typesupport_fastrtps_cppExport.cmake
[0.333s] -- Up-to-date: /home/xie/techx_R2_algorithm/techx_vision_brige/install/techx_vision_bridge/share/techx_vision_bridge/cmake/export_techx_vision_bridge__rosidl_typesupport_fastrtps_cppExport-noconfig.cmake
[0.333s] -- Up-to-date: /home/xie/techx_R2_algorithm/techx_vision_brige/install/techx_vision_bridge/share/techx_vision_bridge/cmake/techx_vision_bridge__rosidl_typesupport_introspection_cExport.cmake
[0.333s] -- Up-to-date: /home/xie/techx_R2_algorithm/techx_vision_brige/install/techx_vision_bridge/share/techx_vision_bridge/cmake/techx_vision_bridge__rosidl_typesupport_introspection_cExport-noconfig.cmake
[0.333s] -- Up-to-date: /home/xie/techx_R2_algorithm/techx_vision_brige/install/techx_vision_bridge/share/techx_vision_bridge/cmake/techx_vision_bridge__rosidl_typesupport_cExport.cmake
[0.333s] -- Up-to-date: /home/xie/techx_R2_algorithm/techx_vision_brige/install/techx_vision_bridge/share/techx_vision_bridge/cmake/techx_vision_bridge__rosidl_typesupport_cExport-noconfig.cmake
[0.333s] -- Up-to-date: /home/xie/techx_R2_algorithm/techx_vision_brige/install/techx_vision_bridge/share/techx_vision_bridge/cmake/techx_vision_bridge__rosidl_typesupport_introspection_cppExport.cmake
[0.333s] -- Up-to-date: /home/xie/techx_R2_algorithm/techx_vision_brige/install/techx_vision_bridge/share/techx_vision_bridge/cmake/techx_vision_bridge__rosidl_typesupport_introspection_cppExport-noconfig.cmake
[0.333s] -- Up-to-date: /home/xie/techx_R2_algorithm/techx_vision_brige/install/techx_vision_bridge/share/techx_vision_bridge/cmake/techx_vision_bridge__rosidl_typesupport_cppExport.cmake
[0.333s] -- Up-to-date: /home/xie/techx_R2_algorithm/techx_vision_brige/install/techx_vision_bridge/share/techx_vision_bridge/cmake/techx_vision_bridge__rosidl_typesupport_cppExport-noconfig.cmake
[0.333s] -- Up-to-date: /home/xie/techx_R2_algorithm/techx_vision_brige/install/techx_vision_bridge/share/techx_vision_bridge/cmake/export_techx_vision_bridge__rosidl_generator_pyExport.cmake
[0.333s] -- Up-to-date: /home/xie/techx_R2_algorithm/techx_vision_brige/install/techx_vision_bridge/share/techx_vision_bridge/cmake/export_techx_vision_bridge__rosidl_generator_pyExport-noconfig.cmake
[0.333s] -- Up-to-date: /home/xie/techx_R2_algorithm/techx_vision_brige/install/techx_vision_bridge/share/techx_vision_bridge/cmake/rosidl_cmake-extras.cmake
[0.333s] -- Up-to-date: /home/xie/techx_R2_algorithm/techx_vision_brige/install/techx_vision_bridge/share/techx_vision_bridge/cmake/ament_cmake_export_dependencies-extras.cmake
[0.334s] -- Up-to-date: /home/xie/techx_R2_algorithm/techx_vision_brige/install/techx_vision_bridge/share/techx_vision_bridge/cmake/ament_cmake_export_include_directories-extras.cmake
[0.334s] -- Up-to-date: /home/xie/techx_R2_algorithm/techx_vision_brige/install/techx_vision_bridge/share/techx_vision_bridge/cmake/ament_cmake_export_libraries-extras.cmake
[0.334s] -- Up-to-date: /home/xie/techx_R2_algorithm/techx_vision_brige/install/techx_vision_bridge/share/techx_vision_bridge/cmake/ament_cmake_export_targets-extras.cmake
[0.334s] -- Up-to-date: /home/xie/techx_R2_algorithm/techx_vision_brige/install/techx_vision_bridge/share/techx_vision_bridge/cmake/rosidl_cmake_export_typesupport_targets-extras.cmake
[0.334s] -- Up-to-date: /home/xie/techx_R2_algorithm/techx_vision_brige/install/techx_vision_bridge/share/techx_vision_bridge/cmake/rosidl_cmake_export_typesupport_libraries-extras.cmake
[0.334s] -- Up-to-date: /home/xie/techx_R2_algorithm/techx_vision_brige/install/techx_vision_bridge/share/techx_vision_bridge/cmake/techx_vision_bridgeConfig.cmake
[0.334s] -- Up-to-date: /home/xie/techx_R2_algorithm/techx_vision_brige/install/techx_vision_bridge/share/techx_vision_bridge/cmake/techx_vision_bridgeConfig-version.cmake
[0.334s] -- Up-to-date: /home/xie/techx_R2_algorithm/techx_vision_brige/install/techx_vision_bridge/share/techx_vision_bridge/package.xml
[0.336s] Invoked command in '/home/xie/techx_R2_algorithm/techx_vision_brige/build/techx_vision_bridge' returned '0': CMAKE_PREFIX_PATH=/opt/ros/humble /usr/bin/cmake --install /home/xie/techx_R2_algorithm/techx_vision_brige/build/techx_vision_bridge
