[0.009s] Invoking command in '/home/xie/techx_R2_algorithm/techx_vision_brige/build/techx_vision_bridge': CMAKE_PREFIX_PATH=/opt/ros/humble /usr/bin/cmake /home/xie/techx_R2_algorithm/techx_vision_brige/src/techx_vision_bridge -DCMAKE_INSTALL_PREFIX=/home/xie/techx_R2_algorithm/techx_vision_brige/install/techx_vision_bridge
[0.115s] -- The C compiler identification is GNU 11.4.0
[0.195s] -- The CXX compiler identification is GNU 11.4.0
[0.202s] -- Detecting C compiler ABI info
[0.257s] -- Detecting C compiler ABI info - done
[0.262s] -- Check for working C compiler: /usr/bin/cc - skipped
[0.262s] -- Detecting C compile features
[0.263s] -- Detecting C compile features - done
[0.265s] -- Detecting CXX compiler ABI info
[0.328s] -- Detecting CXX compiler ABI info - done
[0.333s] -- Check for working CXX compiler: /usr/bin/c++ - skipped
[0.333s] -- Detecting CXX compile features
[0.334s] -- Detecting CXX compile features - done
[0.337s] -- Found ament_cmake: 1.3.14 (/opt/ros/humble/share/ament_cmake/cmake)
[0.437s] -- Found Python3: /usr/bin/python3 (found version "3.10.12") found components: Interpreter 
[0.511s] -- Found rclcpp: 16.0.19 (/opt/ros/humble/share/rclcpp/cmake)
[0.549s] -- Found rosidl_generator_c: 3.1.8 (/opt/ros/humble/share/rosidl_generator_c/cmake)
[0.554s] -- Found rosidl_adapter: 3.1.8 (/opt/ros/humble/share/rosidl_adapter/cmake)
[0.561s] -- Found rosidl_generator_cpp: 3.1.8 (/opt/ros/humble/share/rosidl_generator_cpp/cmake)
[0.571s] -- Using all available rosidl_typesupport_c: rosidl_typesupport_fastrtps_c;rosidl_typesupport_introspection_c
[0.583s] -- Using all available rosidl_typesupport_cpp: rosidl_typesupport_fastrtps_cpp;rosidl_typesupport_introspection_cpp
[0.618s] -- Found rmw_implementation_cmake: 6.1.2 (/opt/ros/humble/share/rmw_implementation_cmake/cmake)
[0.621s] -- Found rmw_fastrtps_cpp: 6.2.10 (/opt/ros/humble/share/rmw_fastrtps_cpp/cmake)
[0.690s] -- Found OpenSSL: /usr/lib/x86_64-linux-gnu/libcrypto.so (found version "3.0.2")  
[0.710s] -- Found FastRTPS: /opt/ros/humble/include  
[0.739s] -- Using RMW implementation 'rmw_fastrtps_cpp' as default
[0.747s] -- Looking for pthread.h
[0.799s] -- Looking for pthread.h - found
[0.799s] -- Performing Test CMAKE_HAVE_LIBC_PTHREAD
[0.848s] -- Performing Test CMAKE_HAVE_LIBC_PTHREAD - Success
[0.849s] -- Found Threads: TRUE  
[0.888s] -- Found geometry_msgs: 4.9.1 (/opt/ros/humble/share/geometry_msgs/cmake)
[0.900s] -- Found rosidl_default_generators: 1.2.1 (/opt/ros/humble/share/rosidl_default_generators/cmake)
[1.083s] -- Found ament_cmake_ros: 0.10.0 (/opt/ros/humble/share/ament_cmake_ros/cmake)
[1.340s] -- Using all available rosidl_typesupport_c: rosidl_typesupport_fastrtps_c;rosidl_typesupport_introspection_c
[1.443s] -- Using all available rosidl_typesupport_cpp: rosidl_typesupport_fastrtps_cpp;rosidl_typesupport_introspection_cpp
[1.458s] -- Found PythonInterp: /usr/bin/python3 (found suitable version "3.10.12", minimum required is "3.6") 
[1.459s] -- Found python_cmake_module: 0.10.0 (/opt/ros/humble/share/python_cmake_module/cmake)
[1.477s] -- Found PythonLibs: /usr/lib/x86_64-linux-gnu/libpython3.10.so (found suitable version "3.10.12", minimum required is "3.5") 
[1.477s] -- Using PYTHON_EXECUTABLE: /usr/bin/python3
[1.477s] -- Using PYTHON_INCLUDE_DIRS: /usr/include/python3.10
[1.477s] -- Using PYTHON_LIBRARIES: /usr/lib/x86_64-linux-gnu/libpython3.10.so
[1.491s] -- Found PythonExtra: .so  
[1.577s] [0mCMake Deprecation Warning at /opt/ros/humble/share/rosidl_cmake/cmake/rosidl_target_interfaces.cmake:32 (message):
[1.577s]   Use rosidl_get_typesupport_target() and target_link_libraries() instead of
[1.577s]   rosidl_target_interfaces()
[1.577s] Call Stack (most recent call first):
[1.577s]   CMakeLists.txt:41 (rosidl_target_interfaces)
[1.577s] 
[1.577s] [0m
[1.579s] -- Found ament_lint_auto: 0.12.15 (/opt/ros/humble/share/ament_lint_auto/cmake)
[1.601s] -- Added test 'copyright' to check source files copyright and LICENSE
[1.602s] -- Added test 'cppcheck' to perform static code analysis on C / C++ code
[1.602s] -- Configured cppcheck include dirs: /home/xie/techx_R2_algorithm/techx_vision_brige/src/techx_vision_bridge/include
[1.602s] -- Configured cppcheck exclude dirs and/or files: 
[1.603s] -- Added test 'cpplint' to check C / C++ code against the Google style
[1.603s] -- Configured cpplint exclude dirs and/or files: 
[1.603s] -- Added test 'flake8' to check Python code syntax and style conventions
[1.604s] -- Added test 'lint_cmake' to check CMake code style
[1.604s] -- Added test 'pep257' to check Python code against some of the docstring style conventions in PEP 257
[1.605s] -- Added test 'uncrustify' to check C / C++ code style
[1.605s] -- Configured uncrustify additional arguments: 
[1.605s] -- Added test 'xmllint' to check XML markup files
[1.607s] -- Configuring done
[1.635s] -- Generating done
[1.643s] -- Build files have been written to: /home/xie/techx_R2_algorithm/techx_vision_brige/build/techx_vision_bridge
[1.653s] Invoked command in '/home/xie/techx_R2_algorithm/techx_vision_brige/build/techx_vision_bridge' returned '0': CMAKE_PREFIX_PATH=/opt/ros/humble /usr/bin/cmake /home/xie/techx_R2_algorithm/techx_vision_brige/src/techx_vision_bridge -DCMAKE_INSTALL_PREFIX=/home/xie/techx_R2_algorithm/techx_vision_brige/install/techx_vision_bridge
[1.654s] Invoking command in '/home/xie/techx_R2_algorithm/techx_vision_brige/build/techx_vision_bridge': CMAKE_PREFIX_PATH=/opt/ros/humble /usr/bin/cmake --build /home/xie/techx_R2_algorithm/techx_vision_brige/build/techx_vision_bridge -- -j32 -l32
[1.683s] [  2%] [34m[1mGenerating C code for ROS interfaces[0m
[1.690s] [  5%] [34m[1mGenerating Rust code for ROS interfaces[0m
[1.692s] [  8%] [34m[1mGenerating C++ code for ROS interfaces[0m
[1.696s] [  8%] Built target ament_cmake_python_copy_techx_vision_bridge
[1.846s] running egg_info
[1.847s] creating techx_vision_bridge.egg-info
[1.847s] writing techx_vision_bridge.egg-info/PKG-INFO
[1.847s] writing dependency_links to techx_vision_bridge.egg-info/dependency_links.txt
[1.847s] writing top-level names to techx_vision_bridge.egg-info/top_level.txt
[1.847s] writing manifest file 'techx_vision_bridge.egg-info/SOURCES.txt'
[1.849s] reading manifest file 'techx_vision_bridge.egg-info/SOURCES.txt'
[1.849s] writing manifest file 'techx_vision_bridge.egg-info/SOURCES.txt'
[1.861s] [  8%] Built target techx_vision_bridge__rs
[1.867s] [  8%] Built target techx_vision_bridge__cpp
[1.871s] [ 11%] [32mBuilding C object CMakeFiles/techx_vision_bridge__rosidl_generator_c.dir/rosidl_generator_c/techx_vision_bridge/msg/detail/target3_d__functions.c.o[0m
[1.873s] [ 11%] Built target ament_cmake_python_build_techx_vision_bridge_egg
[1.875s] [ 14%] [34m[1mGenerating C++ introspection for ROS interfaces[0m
[1.876s] [ 17%] [34m[1mGenerating C++ type support for eProsima Fast-RTPS[0m
[1.877s] [ 20%] [34m[1mGenerating C++ type support dispatch for ROS interfaces[0m
[1.919s] [ 23%] [32m[1mLinking C shared library libtechx_vision_bridge__rosidl_generator_c.so[0m
[1.953s] [ 23%] Built target techx_vision_bridge__rosidl_generator_c
[1.961s] [ 26%] [34m[1mGenerating C type support for eProsima Fast-RTPS[0m
[1.961s] [ 29%] [34m[1mGenerating C type support dispatch for ROS interfaces[0m
[1.962s] [ 32%] [34m[1mGenerating C introspection for ROS interfaces[0m
[2.055s] [ 35%] [32mBuilding CXX object CMakeFiles/techx_vision_bridge__rosidl_typesupport_cpp.dir/rosidl_typesupport_cpp/techx_vision_bridge/msg/target3_d__type_support.cpp.o[0m
[2.056s] [ 38%] [32mBuilding CXX object CMakeFiles/techx_vision_bridge__rosidl_typesupport_introspection_cpp.dir/rosidl_typesupport_introspection_cpp/techx_vision_bridge/msg/detail/target3_d__type_support.cpp.o[0m
[2.062s] [ 41%] [32mBuilding CXX object CMakeFiles/techx_vision_bridge__rosidl_typesupport_fastrtps_cpp.dir/rosidl_typesupport_fastrtps_cpp/techx_vision_bridge/msg/detail/dds_fastrtps/target3_d__type_support.cpp.o[0m
[2.151s] [ 44%] [32mBuilding CXX object CMakeFiles/techx_vision_bridge__rosidl_typesupport_c.dir/rosidl_typesupport_c/techx_vision_bridge/msg/target3_d__type_support.cpp.o[0m
[2.165s] [ 47%] [32mBuilding CXX object CMakeFiles/techx_vision_bridge__rosidl_typesupport_fastrtps_c.dir/rosidl_typesupport_fastrtps_c/techx_vision_bridge/msg/detail/target3_d__type_support_c.cpp.o[0m
[2.169s] [ 50%] [32mBuilding C object CMakeFiles/techx_vision_bridge__rosidl_typesupport_introspection_c.dir/rosidl_typesupport_introspection_c/techx_vision_bridge/msg/detail/target3_d__type_support.c.o[0m
[2.177s] [ 52%] [32m[1mLinking CXX shared library libtechx_vision_bridge__rosidl_typesupport_c.so[0m
[2.199s] [ 55%] [32m[1mLinking C shared library libtechx_vision_bridge__rosidl_typesupport_introspection_c.so[0m
[2.210s] [ 55%] Built target techx_vision_bridge__rosidl_typesupport_c
[2.236s] [ 55%] Built target techx_vision_bridge__rosidl_typesupport_introspection_c
[2.262s] [ 58%] [32m[1mLinking CXX shared library libtechx_vision_bridge__rosidl_typesupport_cpp.so[0m
[2.301s] [ 58%] Built target techx_vision_bridge__rosidl_typesupport_cpp
[2.367s] [ 64%] [32m[1mLinking CXX shared library libtechx_vision_bridge__rosidl_typesupport_fastrtps_cpp.so[0m
[2.367s] [ 64%] [32m[1mLinking CXX shared library libtechx_vision_bridge__rosidl_typesupport_introspection_cpp.so[0m
[2.410s] [ 67%] [32m[1mLinking CXX shared library libtechx_vision_bridge__rosidl_typesupport_fastrtps_c.so[0m
[2.419s] [ 67%] Built target techx_vision_bridge__rosidl_typesupport_introspection_cpp
[2.427s] [ 67%] Built target techx_vision_bridge__rosidl_typesupport_fastrtps_cpp
[2.469s] [ 67%] Built target techx_vision_bridge__rosidl_typesupport_fastrtps_c
[2.484s] [ 67%] Built target techx_vision_bridge
[2.501s] [ 70%] [34m[1mGenerating Python code for ROS interfaces[0m
[2.502s] [ 73%] [32mBuilding CXX object CMakeFiles/vision_bridge_node.dir/src/vision_bridge_node.cpp.o[0m
[2.748s] [ 73%] Built target techx_vision_bridge__py
[2.765s] [ 76%] [32mBuilding C object CMakeFiles/techx_vision_bridge__rosidl_generator_py.dir/rosidl_generator_py/techx_vision_bridge/msg/_target3_d_s.c.o[0m
[2.857s] [ 79%] [32m[1mLinking C shared library rosidl_generator_py/techx_vision_bridge/libtechx_vision_bridge__rosidl_generator_py.so[0m
[2.891s] [ 79%] Built target techx_vision_bridge__rosidl_generator_py
[2.907s] [ 82%] [32mBuilding C object CMakeFiles/techx_vision_bridge__rosidl_typesupport_introspection_c__pyext.dir/rosidl_generator_py/techx_vision_bridge/_techx_vision_bridge_s.ep.rosidl_typesupport_introspection_c.c.o[0m
[2.907s] [ 85%] [32mBuilding C object CMakeFiles/techx_vision_bridge__rosidl_typesupport_fastrtps_c__pyext.dir/rosidl_generator_py/techx_vision_bridge/_techx_vision_bridge_s.ep.rosidl_typesupport_fastrtps_c.c.o[0m
[2.909s] [ 88%] [32mBuilding C object CMakeFiles/techx_vision_bridge__rosidl_typesupport_c__pyext.dir/rosidl_generator_py/techx_vision_bridge/_techx_vision_bridge_s.ep.rosidl_typesupport_c.c.o[0m
[2.983s] [ 91%] [32m[1mLinking C shared library rosidl_generator_py/techx_vision_bridge/techx_vision_bridge_s__rosidl_typesupport_c.cpython-310-x86_64-linux-gnu.so[0m
[2.983s] [ 94%] [32m[1mLinking C shared library rosidl_generator_py/techx_vision_bridge/techx_vision_bridge_s__rosidl_typesupport_introspection_c.cpython-310-x86_64-linux-gnu.so[0m
[2.983s] [ 97%] [32m[1mLinking C shared library rosidl_generator_py/techx_vision_bridge/techx_vision_bridge_s__rosidl_typesupport_fastrtps_c.cpython-310-x86_64-linux-gnu.so[0m
[3.013s] [ 97%] Built target techx_vision_bridge__rosidl_typesupport_c__pyext
[3.013s] [ 97%] Built target techx_vision_bridge__rosidl_typesupport_fastrtps_c__pyext
[3.013s] [ 97%] Built target techx_vision_bridge__rosidl_typesupport_introspection_c__pyext
[5.062s] [100%] [32m[1mLinking CXX executable vision_bridge_node[0m
[5.183s] [100%] Built target vision_bridge_node
[5.193s] Invoked command in '/home/xie/techx_R2_algorithm/techx_vision_brige/build/techx_vision_bridge' returned '0': CMAKE_PREFIX_PATH=/opt/ros/humble /usr/bin/cmake --build /home/xie/techx_R2_algorithm/techx_vision_brige/build/techx_vision_bridge -- -j32 -l32
[5.199s] Invoking command in '/home/xie/techx_R2_algorithm/techx_vision_brige/build/techx_vision_bridge': CMAKE_PREFIX_PATH=/opt/ros/humble /usr/bin/cmake --install /home/xie/techx_R2_algorithm/techx_vision_brige/build/techx_vision_bridge
[5.204s] -- Install configuration: ""
[5.204s] -- Installing: /home/xie/techx_R2_algorithm/techx_vision_brige/install/techx_vision_bridge/share/ament_index/resource_index/rosidl_interfaces/techx_vision_bridge
[5.205s] -- Installing: /home/xie/techx_R2_algorithm/techx_vision_brige/install/techx_vision_bridge/include/techx_vision_bridge/techx_vision_bridge
[5.205s] -- Installing: /home/xie/techx_R2_algorithm/techx_vision_brige/install/techx_vision_bridge/include/techx_vision_bridge/techx_vision_bridge/msg
[5.205s] -- Installing: /home/xie/techx_R2_algorithm/techx_vision_brige/install/techx_vision_bridge/include/techx_vision_bridge/techx_vision_bridge/msg/detail
[5.205s] -- Installing: /home/xie/techx_R2_algorithm/techx_vision_brige/install/techx_vision_bridge/include/techx_vision_bridge/techx_vision_bridge/msg/detail/target3_d__type_support.h
[5.205s] -- Installing: /home/xie/techx_R2_algorithm/techx_vision_brige/install/techx_vision_bridge/include/techx_vision_bridge/techx_vision_bridge/msg/detail/target3_d__struct.h
[5.205s] -- Installing: /home/xie/techx_R2_algorithm/techx_vision_brige/install/techx_vision_bridge/include/techx_vision_bridge/techx_vision_bridge/msg/detail/target3_d__functions.h
[5.205s] -- Installing: /home/xie/techx_R2_algorithm/techx_vision_brige/install/techx_vision_bridge/include/techx_vision_bridge/techx_vision_bridge/msg/detail/target3_d__functions.c
[5.205s] -- Installing: /home/xie/techx_R2_algorithm/techx_vision_brige/install/techx_vision_bridge/include/techx_vision_bridge/techx_vision_bridge/msg/target3_d.h
[5.205s] -- Installing: /home/xie/techx_R2_algorithm/techx_vision_brige/install/techx_vision_bridge/include/techx_vision_bridge/techx_vision_bridge/msg/rosidl_generator_c__visibility_control.h
[5.205s] -- Installing: /home/xie/techx_R2_algorithm/techx_vision_brige/install/techx_vision_bridge/share/techx_vision_bridge/environment/library_path.sh
[5.205s] -- Installing: /home/xie/techx_R2_algorithm/techx_vision_brige/install/techx_vision_bridge/share/techx_vision_bridge/environment/library_path.dsv
[5.206s] -- Installing: /home/xie/techx_R2_algorithm/techx_vision_brige/install/techx_vision_bridge/lib/libtechx_vision_bridge__rosidl_generator_c.so
[5.206s] -- Set runtime path of "/home/xie/techx_R2_algorithm/techx_vision_brige/install/techx_vision_bridge/lib/libtechx_vision_bridge__rosidl_generator_c.so" to ""
[5.206s] -- Up-to-date: /home/xie/techx_R2_algorithm/techx_vision_brige/install/techx_vision_bridge/include/techx_vision_bridge/techx_vision_bridge
[5.206s] -- Up-to-date: /home/xie/techx_R2_algorithm/techx_vision_brige/install/techx_vision_bridge/include/techx_vision_bridge/techx_vision_bridge/msg
[5.206s] -- Up-to-date: /home/xie/techx_R2_algorithm/techx_vision_brige/install/techx_vision_bridge/include/techx_vision_bridge/techx_vision_bridge/msg/detail
[5.206s] -- Installing: /home/xie/techx_R2_algorithm/techx_vision_brige/install/techx_vision_bridge/include/techx_vision_bridge/techx_vision_bridge/msg/detail/target3_d__rosidl_typesupport_fastrtps_c.h
[5.206s] -- Installing: /home/xie/techx_R2_algorithm/techx_vision_brige/install/techx_vision_bridge/include/techx_vision_bridge/techx_vision_bridge/msg/rosidl_typesupport_fastrtps_c__visibility_control.h
[5.206s] -- Installing: /home/xie/techx_R2_algorithm/techx_vision_brige/install/techx_vision_bridge/lib/libtechx_vision_bridge__rosidl_typesupport_fastrtps_c.so
[5.206s] -- Set runtime path of "/home/xie/techx_R2_algorithm/techx_vision_brige/install/techx_vision_bridge/lib/libtechx_vision_bridge__rosidl_typesupport_fastrtps_c.so" to ""
[5.206s] -- Up-to-date: /home/xie/techx_R2_algorithm/techx_vision_brige/install/techx_vision_bridge/include/techx_vision_bridge/techx_vision_bridge
[5.207s] -- Up-to-date: /home/xie/techx_R2_algorithm/techx_vision_brige/install/techx_vision_bridge/include/techx_vision_bridge/techx_vision_bridge/msg
[5.207s] -- Up-to-date: /home/xie/techx_R2_algorithm/techx_vision_brige/install/techx_vision_bridge/include/techx_vision_bridge/techx_vision_bridge/msg/detail
[5.207s] -- Installing: /home/xie/techx_R2_algorithm/techx_vision_brige/install/techx_vision_bridge/include/techx_vision_bridge/techx_vision_bridge/msg/detail/target3_d__traits.hpp
[5.207s] -- Installing: /home/xie/techx_R2_algorithm/techx_vision_brige/install/techx_vision_bridge/include/techx_vision_bridge/techx_vision_bridge/msg/detail/target3_d__struct.hpp
[5.207s] -- Installing: /home/xie/techx_R2_algorithm/techx_vision_brige/install/techx_vision_bridge/include/techx_vision_bridge/techx_vision_bridge/msg/detail/target3_d__builder.hpp
[5.207s] -- Installing: /home/xie/techx_R2_algorithm/techx_vision_brige/install/techx_vision_bridge/include/techx_vision_bridge/techx_vision_bridge/msg/detail/target3_d__type_support.hpp
[5.207s] -- Installing: /home/xie/techx_R2_algorithm/techx_vision_brige/install/techx_vision_bridge/include/techx_vision_bridge/techx_vision_bridge/msg/rosidl_generator_cpp__visibility_control.hpp
[5.207s] -- Installing: /home/xie/techx_R2_algorithm/techx_vision_brige/install/techx_vision_bridge/include/techx_vision_bridge/techx_vision_bridge/msg/target3_d.hpp
[5.207s] -- Up-to-date: /home/xie/techx_R2_algorithm/techx_vision_brige/install/techx_vision_bridge/include/techx_vision_bridge/techx_vision_bridge
[5.207s] -- Up-to-date: /home/xie/techx_R2_algorithm/techx_vision_brige/install/techx_vision_bridge/include/techx_vision_bridge/techx_vision_bridge/msg
[5.207s] -- Installing: /home/xie/techx_R2_algorithm/techx_vision_brige/install/techx_vision_bridge/include/techx_vision_bridge/techx_vision_bridge/msg/rosidl_typesupport_fastrtps_cpp__visibility_control.h
[5.207s] -- Up-to-date: /home/xie/techx_R2_algorithm/techx_vision_brige/install/techx_vision_bridge/include/techx_vision_bridge/techx_vision_bridge/msg/detail
[5.207s] -- Installing: /home/xie/techx_R2_algorithm/techx_vision_brige/install/techx_vision_bridge/include/techx_vision_bridge/techx_vision_bridge/msg/detail/target3_d__rosidl_typesupport_fastrtps_cpp.hpp
[5.207s] -- Installing: /home/xie/techx_R2_algorithm/techx_vision_brige/install/techx_vision_bridge/include/techx_vision_bridge/techx_vision_bridge/msg/detail/dds_fastrtps
[5.207s] -- Installing: /home/xie/techx_R2_algorithm/techx_vision_brige/install/techx_vision_bridge/lib/libtechx_vision_bridge__rosidl_typesupport_fastrtps_cpp.so
[5.208s] -- Set runtime path of "/home/xie/techx_R2_algorithm/techx_vision_brige/install/techx_vision_bridge/lib/libtechx_vision_bridge__rosidl_typesupport_fastrtps_cpp.so" to ""
[5.208s] -- Up-to-date: /home/xie/techx_R2_algorithm/techx_vision_brige/install/techx_vision_bridge/include/techx_vision_bridge/techx_vision_bridge
[5.208s] -- Up-to-date: /home/xie/techx_R2_algorithm/techx_vision_brige/install/techx_vision_bridge/include/techx_vision_bridge/techx_vision_bridge/msg
[5.208s] -- Up-to-date: /home/xie/techx_R2_algorithm/techx_vision_brige/install/techx_vision_bridge/include/techx_vision_bridge/techx_vision_bridge/msg/detail
[5.208s] -- Installing: /home/xie/techx_R2_algorithm/techx_vision_brige/install/techx_vision_bridge/include/techx_vision_bridge/techx_vision_bridge/msg/detail/target3_d__rosidl_typesupport_introspection_c.h
[5.208s] -- Installing: /home/xie/techx_R2_algorithm/techx_vision_brige/install/techx_vision_bridge/include/techx_vision_bridge/techx_vision_bridge/msg/detail/target3_d__type_support.c
[5.208s] -- Installing: /home/xie/techx_R2_algorithm/techx_vision_brige/install/techx_vision_bridge/include/techx_vision_bridge/techx_vision_bridge/msg/rosidl_typesupport_introspection_c__visibility_control.h
[5.208s] -- Installing: /home/xie/techx_R2_algorithm/techx_vision_brige/install/techx_vision_bridge/lib/libtechx_vision_bridge__rosidl_typesupport_introspection_c.so
[5.208s] -- Set runtime path of "/home/xie/techx_R2_algorithm/techx_vision_brige/install/techx_vision_bridge/lib/libtechx_vision_bridge__rosidl_typesupport_introspection_c.so" to ""
[5.208s] -- Installing: /home/xie/techx_R2_algorithm/techx_vision_brige/install/techx_vision_bridge/lib/libtechx_vision_bridge__rosidl_typesupport_c.so
[5.209s] -- Set runtime path of "/home/xie/techx_R2_algorithm/techx_vision_brige/install/techx_vision_bridge/lib/libtechx_vision_bridge__rosidl_typesupport_c.so" to ""
[5.209s] -- Up-to-date: /home/xie/techx_R2_algorithm/techx_vision_brige/install/techx_vision_bridge/include/techx_vision_bridge/techx_vision_bridge
[5.209s] -- Up-to-date: /home/xie/techx_R2_algorithm/techx_vision_brige/install/techx_vision_bridge/include/techx_vision_bridge/techx_vision_bridge/msg
[5.209s] -- Up-to-date: /home/xie/techx_R2_algorithm/techx_vision_brige/install/techx_vision_bridge/include/techx_vision_bridge/techx_vision_bridge/msg/detail
[5.209s] -- Installing: /home/xie/techx_R2_algorithm/techx_vision_brige/install/techx_vision_bridge/include/techx_vision_bridge/techx_vision_bridge/msg/detail/target3_d__rosidl_typesupport_introspection_cpp.hpp
[5.209s] -- Installing: /home/xie/techx_R2_algorithm/techx_vision_brige/install/techx_vision_bridge/include/techx_vision_bridge/techx_vision_bridge/msg/detail/target3_d__type_support.cpp
[5.209s] -- Installing: /home/xie/techx_R2_algorithm/techx_vision_brige/install/techx_vision_bridge/lib/libtechx_vision_bridge__rosidl_typesupport_introspection_cpp.so
[5.209s] -- Set runtime path of "/home/xie/techx_R2_algorithm/techx_vision_brige/install/techx_vision_bridge/lib/libtechx_vision_bridge__rosidl_typesupport_introspection_cpp.so" to ""
[5.209s] -- Installing: /home/xie/techx_R2_algorithm/techx_vision_brige/install/techx_vision_bridge/lib/libtechx_vision_bridge__rosidl_typesupport_cpp.so
[5.210s] -- Set runtime path of "/home/xie/techx_R2_algorithm/techx_vision_brige/install/techx_vision_bridge/lib/libtechx_vision_bridge__rosidl_typesupport_cpp.so" to ""
[5.210s] -- Installing: /home/xie/techx_R2_algorithm/techx_vision_brige/install/techx_vision_bridge/share/techx_vision_bridge/environment/pythonpath.sh
[5.210s] -- Installing: /home/xie/techx_R2_algorithm/techx_vision_brige/install/techx_vision_bridge/share/techx_vision_bridge/environment/pythonpath.dsv
[5.210s] -- Installing: /home/xie/techx_R2_algorithm/techx_vision_brige/install/techx_vision_bridge/local/lib/python3.10/dist-packages/techx_vision_bridge-2.0.0-py3.10.egg-info
[5.210s] -- Installing: /home/xie/techx_R2_algorithm/techx_vision_brige/install/techx_vision_bridge/local/lib/python3.10/dist-packages/techx_vision_bridge-2.0.0-py3.10.egg-info/top_level.txt
[5.210s] -- Installing: /home/xie/techx_R2_algorithm/techx_vision_brige/install/techx_vision_bridge/local/lib/python3.10/dist-packages/techx_vision_bridge-2.0.0-py3.10.egg-info/PKG-INFO
[5.210s] -- Installing: /home/xie/techx_R2_algorithm/techx_vision_brige/install/techx_vision_bridge/local/lib/python3.10/dist-packages/techx_vision_bridge-2.0.0-py3.10.egg-info/dependency_links.txt
[5.210s] -- Installing: /home/xie/techx_R2_algorithm/techx_vision_brige/install/techx_vision_bridge/local/lib/python3.10/dist-packages/techx_vision_bridge-2.0.0-py3.10.egg-info/SOURCES.txt
[5.210s] -- Installing: /home/xie/techx_R2_algorithm/techx_vision_brige/install/techx_vision_bridge/local/lib/python3.10/dist-packages/techx_vision_bridge
[5.210s] -- Installing: /home/xie/techx_R2_algorithm/techx_vision_brige/install/techx_vision_bridge/local/lib/python3.10/dist-packages/techx_vision_bridge/_techx_vision_bridge_s.ep.rosidl_typesupport_fastrtps_c.c
[5.210s] -- Installing: /home/xie/techx_R2_algorithm/techx_vision_brige/install/techx_vision_bridge/local/lib/python3.10/dist-packages/techx_vision_bridge/__init__.py
[5.210s] -- Installing: /home/xie/techx_R2_algorithm/techx_vision_brige/install/techx_vision_bridge/local/lib/python3.10/dist-packages/techx_vision_bridge/techx_vision_bridge_s__rosidl_typesupport_c.cpython-310-x86_64-linux-gnu.so
[5.211s] -- Installing: /home/xie/techx_R2_algorithm/techx_vision_brige/install/techx_vision_bridge/local/lib/python3.10/dist-packages/techx_vision_bridge/_techx_vision_bridge_s.ep.rosidl_typesupport_c.c
[5.211s] -- Installing: /home/xie/techx_R2_algorithm/techx_vision_brige/install/techx_vision_bridge/local/lib/python3.10/dist-packages/techx_vision_bridge/_techx_vision_bridge_s.ep.rosidl_typesupport_introspection_c.c
[5.211s] -- Installing: /home/xie/techx_R2_algorithm/techx_vision_brige/install/techx_vision_bridge/local/lib/python3.10/dist-packages/techx_vision_bridge/msg
[5.211s] -- Installing: /home/xie/techx_R2_algorithm/techx_vision_brige/install/techx_vision_bridge/local/lib/python3.10/dist-packages/techx_vision_bridge/msg/_target3_d_s.c
[5.211s] -- Installing: /home/xie/techx_R2_algorithm/techx_vision_brige/install/techx_vision_bridge/local/lib/python3.10/dist-packages/techx_vision_bridge/msg/_target3_d.py
[5.211s] -- Installing: /home/xie/techx_R2_algorithm/techx_vision_brige/install/techx_vision_bridge/local/lib/python3.10/dist-packages/techx_vision_bridge/msg/__init__.py
[5.211s] -- Installing: /home/xie/techx_R2_algorithm/techx_vision_brige/install/techx_vision_bridge/local/lib/python3.10/dist-packages/techx_vision_bridge/techx_vision_bridge_s__rosidl_typesupport_fastrtps_c.cpython-310-x86_64-linux-gnu.so
[5.211s] -- Installing: /home/xie/techx_R2_algorithm/techx_vision_brige/install/techx_vision_bridge/local/lib/python3.10/dist-packages/techx_vision_bridge/techx_vision_bridge_s__rosidl_typesupport_introspection_c.cpython-310-x86_64-linux-gnu.so
[5.211s] -- Installing: /home/xie/techx_R2_algorithm/techx_vision_brige/install/techx_vision_bridge/local/lib/python3.10/dist-packages/techx_vision_bridge/libtechx_vision_bridge__rosidl_generator_py.so
[5.231s] Listing '/home/xie/techx_R2_algorithm/techx_vision_brige/install/techx_vision_bridge/local/lib/python3.10/dist-packages/techx_vision_bridge'...
[5.231s] Compiling '/home/xie/techx_R2_algorithm/techx_vision_brige/install/techx_vision_bridge/local/lib/python3.10/dist-packages/techx_vision_bridge/__init__.py'...
[5.231s] Listing '/home/xie/techx_R2_algorithm/techx_vision_brige/install/techx_vision_bridge/local/lib/python3.10/dist-packages/techx_vision_bridge/msg'...
[5.231s] Compiling '/home/xie/techx_R2_algorithm/techx_vision_brige/install/techx_vision_bridge/local/lib/python3.10/dist-packages/techx_vision_bridge/msg/__init__.py'...
[5.231s] Compiling '/home/xie/techx_R2_algorithm/techx_vision_brige/install/techx_vision_bridge/local/lib/python3.10/dist-packages/techx_vision_bridge/msg/_target3_d.py'...
[5.234s] -- Installing: /home/xie/techx_R2_algorithm/techx_vision_brige/install/techx_vision_bridge/local/lib/python3.10/dist-packages/techx_vision_bridge/techx_vision_bridge_s__rosidl_typesupport_fastrtps_c.cpython-310-x86_64-linux-gnu.so
[5.235s] -- Set runtime path of "/home/xie/techx_R2_algorithm/techx_vision_brige/install/techx_vision_bridge/local/lib/python3.10/dist-packages/techx_vision_bridge/techx_vision_bridge_s__rosidl_typesupport_fastrtps_c.cpython-310-x86_64-linux-gnu.so" to ""
[5.235s] -- Installing: /home/xie/techx_R2_algorithm/techx_vision_brige/install/techx_vision_bridge/local/lib/python3.10/dist-packages/techx_vision_bridge/techx_vision_bridge_s__rosidl_typesupport_introspection_c.cpython-310-x86_64-linux-gnu.so
[5.235s] -- Set runtime path of "/home/xie/techx_R2_algorithm/techx_vision_brige/install/techx_vision_bridge/local/lib/python3.10/dist-packages/techx_vision_bridge/techx_vision_bridge_s__rosidl_typesupport_introspection_c.cpython-310-x86_64-linux-gnu.so" to ""
[5.236s] -- Installing: /home/xie/techx_R2_algorithm/techx_vision_brige/install/techx_vision_bridge/local/lib/python3.10/dist-packages/techx_vision_bridge/techx_vision_bridge_s__rosidl_typesupport_c.cpython-310-x86_64-linux-gnu.so
[5.236s] -- Set runtime path of "/home/xie/techx_R2_algorithm/techx_vision_brige/install/techx_vision_bridge/local/lib/python3.10/dist-packages/techx_vision_bridge/techx_vision_bridge_s__rosidl_typesupport_c.cpython-310-x86_64-linux-gnu.so" to ""
[5.236s] -- Installing: /home/xie/techx_R2_algorithm/techx_vision_brige/install/techx_vision_bridge/lib/libtechx_vision_bridge__rosidl_generator_py.so
[5.236s] -- Set runtime path of "/home/xie/techx_R2_algorithm/techx_vision_brige/install/techx_vision_bridge/lib/libtechx_vision_bridge__rosidl_generator_py.so" to ""
[5.236s] -- Installing: /home/xie/techx_R2_algorithm/techx_vision_brige/install/techx_vision_bridge/share/ament_index/resource_index/rust_packages/techx_vision_bridge
[5.236s] -- Installing: /home/xie/techx_R2_algorithm/techx_vision_brige/install/techx_vision_bridge/share/techx_vision_bridge/rust
[5.236s] -- Installing: /home/xie/techx_R2_algorithm/techx_vision_brige/install/techx_vision_bridge/share/techx_vision_bridge/rust/Cargo.toml
[5.236s] -- Installing: /home/xie/techx_R2_algorithm/techx_vision_brige/install/techx_vision_bridge/share/techx_vision_bridge/rust/build.rs
[5.236s] -- Installing: /home/xie/techx_R2_algorithm/techx_vision_brige/install/techx_vision_bridge/share/techx_vision_bridge/rust/src
[5.237s] -- Installing: /home/xie/techx_R2_algorithm/techx_vision_brige/install/techx_vision_bridge/share/techx_vision_bridge/rust/src/msg.rs
[5.237s] -- Installing: /home/xie/techx_R2_algorithm/techx_vision_brige/install/techx_vision_bridge/share/techx_vision_bridge/rust/src/msg
[5.237s] -- Installing: /home/xie/techx_R2_algorithm/techx_vision_brige/install/techx_vision_bridge/share/techx_vision_bridge/rust/src/msg/rmw.rs
[5.237s] -- Installing: /home/xie/techx_R2_algorithm/techx_vision_brige/install/techx_vision_bridge/share/techx_vision_bridge/rust/src/lib.rs
[5.237s] -- Installing: /home/xie/techx_R2_algorithm/techx_vision_brige/install/techx_vision_bridge/share/techx_vision_bridge/msg/Target3D.idl
[5.237s] -- Installing: /home/xie/techx_R2_algorithm/techx_vision_brige/install/techx_vision_bridge/share/techx_vision_bridge/msg/Target3D.msg
[5.237s] -- Installing: /home/xie/techx_R2_algorithm/techx_vision_brige/install/techx_vision_bridge/lib/techx_vision_bridge/vision_bridge_node
[5.238s] -- Set runtime path of "/home/xie/techx_R2_algorithm/techx_vision_brige/install/techx_vision_bridge/lib/techx_vision_bridge/vision_bridge_node" to ""
[5.238s] -- Up-to-date: /home/xie/techx_R2_algorithm/techx_vision_brige/install/techx_vision_bridge/share/techx_vision_bridge/msg
[5.238s] -- Up-to-date: /home/xie/techx_R2_algorithm/techx_vision_brige/install/techx_vision_bridge/share/techx_vision_bridge/msg/Target3D.msg
[5.238s] -- Installing: /home/xie/techx_R2_algorithm/techx_vision_brige/install/techx_vision_bridge/share/techx_vision_bridge/config
[5.238s] -- Installing: /home/xie/techx_R2_algorithm/techx_vision_brige/install/techx_vision_bridge/share/techx_vision_bridge/config/vision_bridge.yaml
[5.239s] -- Installing: /home/xie/techx_R2_algorithm/techx_vision_brige/install/techx_vision_bridge/share/techx_vision_bridge/launch
[5.239s] -- Installing: /home/xie/techx_R2_algorithm/techx_vision_brige/install/techx_vision_bridge/share/techx_vision_bridge/launch/vision_bridge.launch.py
[5.239s] -- Installing: /home/xie/techx_R2_algorithm/techx_vision_brige/install/techx_vision_bridge/share/ament_index/resource_index/package_run_dependencies/techx_vision_bridge
[5.239s] -- Installing: /home/xie/techx_R2_algorithm/techx_vision_brige/install/techx_vision_bridge/share/ament_index/resource_index/parent_prefix_path/techx_vision_bridge
[5.239s] -- Installing: /home/xie/techx_R2_algorithm/techx_vision_brige/install/techx_vision_bridge/share/techx_vision_bridge/environment/ament_prefix_path.sh
[5.239s] -- Installing: /home/xie/techx_R2_algorithm/techx_vision_brige/install/techx_vision_bridge/share/techx_vision_bridge/environment/ament_prefix_path.dsv
[5.239s] -- Installing: /home/xie/techx_R2_algorithm/techx_vision_brige/install/techx_vision_bridge/share/techx_vision_bridge/environment/path.sh
[5.239s] -- Installing: /home/xie/techx_R2_algorithm/techx_vision_brige/install/techx_vision_bridge/share/techx_vision_bridge/environment/path.dsv
[5.239s] -- Installing: /home/xie/techx_R2_algorithm/techx_vision_brige/install/techx_vision_bridge/share/techx_vision_bridge/local_setup.bash
[5.239s] -- Installing: /home/xie/techx_R2_algorithm/techx_vision_brige/install/techx_vision_bridge/share/techx_vision_bridge/local_setup.sh
[5.240s] -- Installing: /home/xie/techx_R2_algorithm/techx_vision_brige/install/techx_vision_bridge/share/techx_vision_bridge/local_setup.zsh
[5.240s] -- Installing: /home/xie/techx_R2_algorithm/techx_vision_brige/install/techx_vision_bridge/share/techx_vision_bridge/local_setup.dsv
[5.240s] -- Installing: /home/xie/techx_R2_algorithm/techx_vision_brige/install/techx_vision_bridge/share/techx_vision_bridge/package.dsv
[5.240s] -- Installing: /home/xie/techx_R2_algorithm/techx_vision_brige/install/techx_vision_bridge/share/ament_index/resource_index/packages/techx_vision_bridge
[5.240s] -- Installing: /home/xie/techx_R2_algorithm/techx_vision_brige/install/techx_vision_bridge/share/techx_vision_bridge/cmake/export_techx_vision_bridge__rosidl_generator_cExport.cmake
[5.240s] -- Installing: /home/xie/techx_R2_algorithm/techx_vision_brige/install/techx_vision_bridge/share/techx_vision_bridge/cmake/export_techx_vision_bridge__rosidl_generator_cExport-noconfig.cmake
[5.240s] -- Installing: /home/xie/techx_R2_algorithm/techx_vision_brige/install/techx_vision_bridge/share/techx_vision_bridge/cmake/export_techx_vision_bridge__rosidl_typesupport_fastrtps_cExport.cmake
[5.240s] -- Installing: /home/xie/techx_R2_algorithm/techx_vision_brige/install/techx_vision_bridge/share/techx_vision_bridge/cmake/export_techx_vision_bridge__rosidl_typesupport_fastrtps_cExport-noconfig.cmake
[5.240s] -- Installing: /home/xie/techx_R2_algorithm/techx_vision_brige/install/techx_vision_bridge/share/techx_vision_bridge/cmake/export_techx_vision_bridge__rosidl_generator_cppExport.cmake
[5.241s] -- Installing: /home/xie/techx_R2_algorithm/techx_vision_brige/install/techx_vision_bridge/share/techx_vision_bridge/cmake/export_techx_vision_bridge__rosidl_typesupport_fastrtps_cppExport.cmake
[5.241s] -- Installing: /home/xie/techx_R2_algorithm/techx_vision_brige/install/techx_vision_bridge/share/techx_vision_bridge/cmake/export_techx_vision_bridge__rosidl_typesupport_fastrtps_cppExport-noconfig.cmake
[5.241s] -- Installing: /home/xie/techx_R2_algorithm/techx_vision_brige/install/techx_vision_bridge/share/techx_vision_bridge/cmake/techx_vision_bridge__rosidl_typesupport_introspection_cExport.cmake
[5.241s] -- Installing: /home/xie/techx_R2_algorithm/techx_vision_brige/install/techx_vision_bridge/share/techx_vision_bridge/cmake/techx_vision_bridge__rosidl_typesupport_introspection_cExport-noconfig.cmake
[5.241s] -- Installing: /home/xie/techx_R2_algorithm/techx_vision_brige/install/techx_vision_bridge/share/techx_vision_bridge/cmake/techx_vision_bridge__rosidl_typesupport_cExport.cmake
[5.241s] -- Installing: /home/xie/techx_R2_algorithm/techx_vision_brige/install/techx_vision_bridge/share/techx_vision_bridge/cmake/techx_vision_bridge__rosidl_typesupport_cExport-noconfig.cmake
[5.241s] -- Installing: /home/xie/techx_R2_algorithm/techx_vision_brige/install/techx_vision_bridge/share/techx_vision_bridge/cmake/techx_vision_bridge__rosidl_typesupport_introspection_cppExport.cmake
[5.241s] -- Installing: /home/xie/techx_R2_algorithm/techx_vision_brige/install/techx_vision_bridge/share/techx_vision_bridge/cmake/techx_vision_bridge__rosidl_typesupport_introspection_cppExport-noconfig.cmake
[5.241s] -- Installing: /home/xie/techx_R2_algorithm/techx_vision_brige/install/techx_vision_bridge/share/techx_vision_bridge/cmake/techx_vision_bridge__rosidl_typesupport_cppExport.cmake
[5.241s] -- Installing: /home/xie/techx_R2_algorithm/techx_vision_brige/install/techx_vision_bridge/share/techx_vision_bridge/cmake/techx_vision_bridge__rosidl_typesupport_cppExport-noconfig.cmake
[5.242s] -- Installing: /home/xie/techx_R2_algorithm/techx_vision_brige/install/techx_vision_bridge/share/techx_vision_bridge/cmake/export_techx_vision_bridge__rosidl_generator_pyExport.cmake
[5.242s] -- Installing: /home/xie/techx_R2_algorithm/techx_vision_brige/install/techx_vision_bridge/share/techx_vision_bridge/cmake/export_techx_vision_bridge__rosidl_generator_pyExport-noconfig.cmake
[5.242s] -- Installing: /home/xie/techx_R2_algorithm/techx_vision_brige/install/techx_vision_bridge/share/techx_vision_bridge/cmake/rosidl_cmake-extras.cmake
[5.242s] -- Installing: /home/xie/techx_R2_algorithm/techx_vision_brige/install/techx_vision_bridge/share/techx_vision_bridge/cmake/ament_cmake_export_dependencies-extras.cmake
[5.242s] -- Installing: /home/xie/techx_R2_algorithm/techx_vision_brige/install/techx_vision_bridge/share/techx_vision_bridge/cmake/ament_cmake_export_include_directories-extras.cmake
[5.242s] -- Installing: /home/xie/techx_R2_algorithm/techx_vision_brige/install/techx_vision_bridge/share/techx_vision_bridge/cmake/ament_cmake_export_libraries-extras.cmake
[5.242s] -- Installing: /home/xie/techx_R2_algorithm/techx_vision_brige/install/techx_vision_bridge/share/techx_vision_bridge/cmake/ament_cmake_export_targets-extras.cmake
[5.242s] -- Installing: /home/xie/techx_R2_algorithm/techx_vision_brige/install/techx_vision_bridge/share/techx_vision_bridge/cmake/rosidl_cmake_export_typesupport_targets-extras.cmake
[5.242s] -- Installing: /home/xie/techx_R2_algorithm/techx_vision_brige/install/techx_vision_bridge/share/techx_vision_bridge/cmake/rosidl_cmake_export_typesupport_libraries-extras.cmake
[5.242s] -- Installing: /home/xie/techx_R2_algorithm/techx_vision_brige/install/techx_vision_bridge/share/techx_vision_bridge/cmake/techx_vision_bridgeConfig.cmake
[5.243s] -- Installing: /home/xie/techx_R2_algorithm/techx_vision_brige/install/techx_vision_bridge/share/techx_vision_bridge/cmake/techx_vision_bridgeConfig-version.cmake
[5.243s] -- Installing: /home/xie/techx_R2_algorithm/techx_vision_brige/install/techx_vision_bridge/share/techx_vision_bridge/package.xml
[5.245s] Invoked command in '/home/xie/techx_R2_algorithm/techx_vision_brige/build/techx_vision_bridge' returned '0': CMAKE_PREFIX_PATH=/opt/ros/humble /usr/bin/cmake --install /home/xie/techx_R2_algorithm/techx_vision_brige/build/techx_vision_bridge
